IQ-TREE multicore version 2.0.3 for Mac OS X 64-bit built Apr 26 2020
Developed by Bui Quang Minh, Nguyen Lam Tung, Olga Chernomor,
Heiko Schmidt, Dominik Schrempf, Michael Woodhams.

Host:    Peters-iMac.local (AVX2, FMA3, 128 GB RAM)
Command: iqtree -s C_tenu_7648/C_tenu_7648_Cluster_FinalconsensusSsC0.997dCh_renamed.fa.MAFFT -m MFP -nt 2 -B 1000
Seed:    178903 (Using SPRNG - Scalable Parallel Random Number Generator)
Time:    Fri Jan 22 17:44:05 2021
Kernel:  AVX+FMA - 2 threads (16 CPU cores detected)

Reading alignment file C_tenu_7648/C_tenu_7648_Cluster_FinalconsensusSsC0.997dCh_renamed.fa.MAFFT ... Fasta format detected
Alignment most likely contains DNA/RNA sequences
WARNING: 1 sites contain only gaps or ambiguous characters.
Alignment has 3 sequences with 578 columns, 8 distinct patterns
0 parsimony-informative, 1 singleton sites, 577 constant sites
WARNING: Some sequence names are changed as follows:
C_tenu_7648_Cluster1;size=61 -> C_tenu_7648_Cluster1_size_61
C_tenu_7648_Cluster5;size=14 -> C_tenu_7648_Cluster5_size_14
C_tenu_7648_Cluster0;size=4 -> C_tenu_7648_Cluster0_size_4

                              Gap/Ambiguity  Composition  p-value
   1  C_tenu_7648_Cluster1_size_61    0.17%    passed     99.97%
   2  C_tenu_7648_Cluster5_size_14    0.35%    passed    100.00%
   3  C_tenu_7648_Cluster0_size_4     0.52%    passed     99.98%
****  TOTAL                           0.35%  0 sequences failed composition chi2 test (p-value<5%; df=3)

WARNING: 2 threads for alignment length 8 will slow down analysis

Create initial parsimony tree by phylogenetic likelihood library (PLL)... 0.000 seconds
Perform fast likelihood tree search using GTR+I+G model...
Estimate model parameters (epsilon = 5.000)
Perform nearest neighbor interchange...
Estimate model parameters (epsilon = 1.000)
1. Initial log-likelihood: -785.420
Optimal log-likelihood: -785.227
Rate parameters:  A-C: 0.75805  A-G: 0.68344  A-T: 0.48068  C-G: 0.77684  C-T: 0.63388  G-T: 1.00000
Base frequencies:  A: 0.241  C: 0.170  G: 0.223  T: 0.366
Proportion of invariable sites: 0.499
Gamma shape alpha: 998.448
Parameters optimization took 1 rounds (0.000 sec)
Time for fast ML tree search: 0.001 seconds

NOTE: ModelFinder requires 0 MB RAM!
ModelFinder will test up to 286 DNA models (sample size: 578) ...
 No. Model         -LnL         df  AIC          AICc         BIC
WARNING: 2 threads for alignment length 8 will slow down analysis
  1  GTR+F         784.063      11  1590.127     1590.593     1638.082
WARNING: 2 threads for alignment length 8 will slow down analysis
  2  GTR+F+I       784.063      12  1592.127     1592.679     1644.442
WARNING: 2 threads for alignment length 8 will slow down analysis
  3  GTR+F+G4      784.063      12  1592.127     1592.679     1644.442
WARNING: 2 threads for alignment length 8 will slow down analysis
  4  GTR+F+I+G4    784.063      13  1594.127     1594.772     1650.801
WARNING: 2 threads for alignment length 8 will slow down analysis
  5  GTR+F+R2      784.063      13  1594.127     1594.772     1650.801
WARNING: 2 threads for alignment length 8 will slow down analysis
  6  GTR+F+R3      784.063      15  1598.127     1598.981     1663.520
WARNING: 2 threads for alignment length 8 will slow down analysis
 14  SYM           806.718      8   1629.436     1629.689     1664.313
WARNING: 2 threads for alignment length 8 will slow down analysis
 15  SYM+I         806.718      9   1631.436     1631.753     1670.672
WARNING: 2 threads for alignment length 8 will slow down analysis
 16  SYM+G4        806.718      9   1631.436     1631.753     1670.672
WARNING: 2 threads for alignment length 8 will slow down analysis
 27  TVM+F         784.063      10  1588.127     1588.515     1631.722
WARNING: 2 threads for alignment length 8 will slow down analysis
 28  TVM+F+I       784.063      11  1590.127     1590.593     1638.082
WARNING: 2 threads for alignment length 8 will slow down analysis
 29  TVM+F+G4      784.063      11  1590.127     1590.593     1638.082
WARNING: 2 threads for alignment length 8 will slow down analysis
 40  TVMe          806.718      7   1627.436     1627.633     1657.953
WARNING: 2 threads for alignment length 8 will slow down analysis
 41  TVMe+I        806.718      8   1629.436     1629.689     1664.313
WARNING: 2 threads for alignment length 8 will slow down analysis
 42  TVMe+G4       806.718      8   1629.436     1629.689     1664.313
WARNING: 2 threads for alignment length 8 will slow down analysis
 53  TIM3+F        784.797      9   1587.595     1587.912     1626.831
WARNING: 2 threads for alignment length 8 will slow down analysis
 54  TIM3+F+I      784.797      10  1589.595     1589.983     1633.191
WARNING: 2 threads for alignment length 8 will slow down analysis
 55  TIM3+F+G4     784.797      10  1589.595     1589.983     1633.191
WARNING: 2 threads for alignment length 8 will slow down analysis
 66  TIM3e         807.427      6   1626.854     1627.001     1653.012
WARNING: 2 threads for alignment length 8 will slow down analysis
 67  TIM3e+I       807.427      7   1628.854     1629.051     1659.371
WARNING: 2 threads for alignment length 8 will slow down analysis
 68  TIM3e+G4      807.427      7   1628.854     1629.051     1659.371
WARNING: 2 threads for alignment length 8 will slow down analysis
 79  TIM2+F        784.446      9   1586.892     1587.209     1626.128
WARNING: 2 threads for alignment length 8 will slow down analysis
 80  TIM2+F+I      784.446      10  1588.892     1589.280     1632.488
WARNING: 2 threads for alignment length 8 will slow down analysis
 81  TIM2+F+G4     784.446      10  1588.892     1589.280     1632.488
WARNING: 2 threads for alignment length 8 will slow down analysis
 92  TIM2e         807.230      6   1626.460     1626.607     1652.617
WARNING: 2 threads for alignment length 8 will slow down analysis
 93  TIM2e+I       807.230      7   1628.460     1628.657     1658.977
WARNING: 2 threads for alignment length 8 will slow down analysis
 94  TIM2e+G4      807.230      7   1628.460     1628.657     1658.977
WARNING: 2 threads for alignment length 8 will slow down analysis
105  TIM+F         784.472      9   1586.944     1587.260     1626.180
WARNING: 2 threads for alignment length 8 will slow down analysis
106  TIM+F+I       784.472      10  1588.944     1589.332     1632.539
WARNING: 2 threads for alignment length 8 will slow down analysis
107  TIM+F+G4      784.472      10  1588.944     1589.332     1632.539
WARNING: 2 threads for alignment length 8 will slow down analysis
118  TIMe          807.248      6   1626.497     1626.644     1652.654
WARNING: 2 threads for alignment length 8 will slow down analysis
119  TIMe+I        807.248      7   1628.497     1628.693     1659.014
WARNING: 2 threads for alignment length 8 will slow down analysis
120  TIMe+G4       807.248      7   1628.497     1628.693     1659.014
WARNING: 2 threads for alignment length 8 will slow down analysis
131  TPM3u+F       784.797      8   1585.595     1585.848     1620.471
WARNING: 2 threads for alignment length 8 will slow down analysis
132  TPM3u+F+I     784.797      9   1587.595     1587.912     1626.831
WARNING: 2 threads for alignment length 8 will slow down analysis
133  TPM3u+F+G4    784.797      9   1587.595     1587.912     1626.831
WARNING: 2 threads for alignment length 8 will slow down analysis
144  TPM3+F        784.797      8   1585.595     1585.848     1620.471
WARNING: 2 threads for alignment length 8 will slow down analysis
145  TPM3+F+I      784.797      9   1587.595     1587.912     1626.831
WARNING: 2 threads for alignment length 8 will slow down analysis
146  TPM3+F+G4     784.797      9   1587.595     1587.912     1626.831
WARNING: 2 threads for alignment length 8 will slow down analysis
157  TPM2u+F       784.446      8   1584.892     1585.145     1619.768
WARNING: 2 threads for alignment length 8 will slow down analysis
158  TPM2u+F+I     784.446      9   1586.892     1587.209     1626.128
WARNING: 2 threads for alignment length 8 will slow down analysis
159  TPM2u+F+G4    784.446      9   1586.892     1587.209     1626.128
WARNING: 2 threads for alignment length 8 will slow down analysis
170  TPM2+F        784.446      8   1584.892     1585.145     1619.768
WARNING: 2 threads for alignment length 8 will slow down analysis
171  TPM2+F+I      784.446      9   1586.892     1587.209     1626.128
WARNING: 2 threads for alignment length 8 will slow down analysis
172  TPM2+F+G4     784.446      9   1586.892     1587.209     1626.128
WARNING: 2 threads for alignment length 8 will slow down analysis
183  K3Pu+F        784.472      8   1584.944     1585.197     1619.820
WARNING: 2 threads for alignment length 8 will slow down analysis
184  K3Pu+F+I      784.472      9   1586.944     1587.260     1626.180
WARNING: 2 threads for alignment length 8 will slow down analysis
185  K3Pu+F+G4     784.472      9   1586.944     1587.260     1626.180
WARNING: 2 threads for alignment length 8 will slow down analysis
196  K3P           807.248      5   1624.497     1624.602     1646.295
WARNING: 2 threads for alignment length 8 will slow down analysis
197  K3P+I         807.248      6   1626.497     1626.644     1652.654
WARNING: 2 threads for alignment length 8 will slow down analysis
198  K3P+G4        807.248      6   1626.497     1626.644     1652.654
WARNING: 2 threads for alignment length 8 will slow down analysis
209  TN+F          785.180      8   1586.360     1586.613     1621.236
WARNING: 2 threads for alignment length 8 will slow down analysis
210  TN+F+I        785.180      9   1588.360     1588.676     1627.596
WARNING: 2 threads for alignment length 8 will slow down analysis
211  TN+F+G4       785.180      9   1588.360     1588.676     1627.596
WARNING: 2 threads for alignment length 8 will slow down analysis
222  TNe           807.942      5   1625.884     1625.989     1647.682
WARNING: 2 threads for alignment length 8 will slow down analysis
223  TNe+I         807.942      6   1627.884     1628.031     1654.041
WARNING: 2 threads for alignment length 8 will slow down analysis
224  TNe+G4        807.942      6   1627.884     1628.031     1654.041
WARNING: 2 threads for alignment length 8 will slow down analysis
235  HKY+F         785.180      7   1584.360     1584.556     1614.877
WARNING: 2 threads for alignment length 8 will slow down analysis
236  HKY+F+I       785.180      8   1586.360     1586.613     1621.236
WARNING: 2 threads for alignment length 8 will slow down analysis
237  HKY+F+G4      785.180      8   1586.360     1586.613     1621.236
WARNING: 2 threads for alignment length 8 will slow down analysis
248  K2P           807.942      4   1623.884     1623.954     1641.322
WARNING: 2 threads for alignment length 8 will slow down analysis
249  K2P+I         807.942      5   1625.884     1625.989     1647.682
WARNING: 2 threads for alignment length 8 will slow down analysis
250  K2P+G4        807.942      5   1625.884     1625.989     1647.682
WARNING: 2 threads for alignment length 8 will slow down analysis
261  F81+F         785.562      6   1583.124     1583.271     1609.282
WARNING: 2 threads for alignment length 8 will slow down analysis
262  F81+F+I       785.562      7   1585.124     1585.321     1615.641
WARNING: 2 threads for alignment length 8 will slow down analysis
263  F81+F+G4      785.562      7   1585.124     1585.321     1615.641
WARNING: 2 threads for alignment length 8 will slow down analysis
274  JC            808.347      3   1622.694     1622.736     1635.772
WARNING: 2 threads for alignment length 8 will slow down analysis
275  JC+I          808.347      4   1624.694     1624.764     1642.132
WARNING: 2 threads for alignment length 8 will slow down analysis
276  JC+G4         808.347      4   1624.694     1624.764     1642.132
Akaike Information Criterion:           F81+F
Corrected Akaike Information Criterion: F81+F
Bayesian Information Criterion:         F81+F
Best-fit model: F81+F chosen according to BIC

All model information printed to C_tenu_7648/C_tenu_7648_Cluster_FinalconsensusSsC0.997dCh_renamed.fa.MAFFT.model.gz
CPU time for ModelFinder: 0.022 seconds (0h:0m:0s)
Wall-clock time for ModelFinder: 0.023 seconds (0h:0m:0s)
Generating 1000 samples for ultrafast bootstrap (seed: 178903)...
WARNING: 2 threads for alignment length 8 will slow down analysis
ERROR: It makes no sense to perform bootstrap with less than 4 sequences.
