IQ-TREE multicore version 2.0.3 for Mac OS X 64-bit built Apr 26 2020
Developed by Bui Quang Minh, Nguyen Lam Tung, Olga Chernomor,
Heiko Schmidt, Dominik Schrempf, Michael Woodhams.

Host:    Peters-iMac.local (AVX2, FMA3, 128 GB RAM)
Command: iqtree -s C_mou_8656/C_mou_8656_Cluster_FinalconsensusSsC0.997dCh_renamed.fa.MAFFT -m MFP -nt 2 -B 1000
Seed:    635758 (Using SPRNG - Scalable Parallel Random Number Generator)
Time:    Fri Jan 22 17:36:59 2021
Kernel:  AVX+FMA - 2 threads (16 CPU cores detected)

Reading alignment file C_mou_8656/C_mou_8656_Cluster_FinalconsensusSsC0.997dCh_renamed.fa.MAFFT ... Fasta format detected
Alignment most likely contains DNA/RNA sequences
Alignment has 4 sequences with 407 columns, 24 distinct patterns
6 parsimony-informative, 17 singleton sites, 384 constant sites
WARNING: Some sequence names are changed as follows:
C_mou_8656_Cluster6;size=35 -> C_mou_8656_Cluster6_size_35
C_mou_8656_Cluster5;size=18 -> C_mou_8656_Cluster5_size_18
C_mou_8656_Cluster12;size=13 -> C_mou_8656_Cluster12_size_13
C_mou_8656_Cluster7;size=7 -> C_mou_8656_Cluster7_size_7

                              Gap/Ambiguity  Composition  p-value
   1  C_mou_8656_Cluster6_size_35     0.00%    passed     99.90%
   2  C_mou_8656_Cluster5_size_18     0.25%    passed     99.96%
   3  C_mou_8656_Cluster12_size_13    1.47%    passed     99.60%
   4  C_mou_8656_Cluster7_size_7      0.00%    passed     99.05%
****  TOTAL                           0.43%  0 sequences failed composition chi2 test (p-value<5%; df=3)


Create initial parsimony tree by phylogenetic likelihood library (PLL)... 0.000 seconds
WARNING: Number of threads seems too high for short alignments. Use -nt AUTO to determine best number of threads.
Perform fast likelihood tree search using GTR+I+G model...
Estimate model parameters (epsilon = 5.000)
Perform nearest neighbor interchange...
Estimate model parameters (epsilon = 1.000)
1. Initial log-likelihood: -693.686
Optimal log-likelihood: -693.684
Rate parameters:  A-C: 0.59101  A-G: 4.81236  A-T: 1.46999  C-G: 2.51630  C-T: 2.39025  G-T: 1.00000
Base frequencies:  A: 0.292  C: 0.182  G: 0.217  T: 0.310
Proportion of invariable sites: 0.469
Gamma shape alpha: 998.447
Parameters optimization took 1 rounds (0.000 sec)
Time for fast ML tree search: 0.002 seconds

NOTE: ModelFinder requires 0 MB RAM!
ModelFinder will test up to 286 DNA models (sample size: 407) ...
 No. Model         -LnL         df  AIC          AICc         BIC
WARNING: Number of threads seems too high for short alignments. Use -nt AUTO to determine best number of threads.
  1  GTR+F         693.302      13  1412.604     1413.530     1464.719
WARNING: Number of threads seems too high for short alignments. Use -nt AUTO to determine best number of threads.
  2  GTR+F+I       693.302      14  1414.604     1415.675     1470.727
WARNING: Number of threads seems too high for short alignments. Use -nt AUTO to determine best number of threads.
  3  GTR+F+G4      693.302      14  1414.605     1415.676     1470.728
WARNING: Number of threads seems too high for short alignments. Use -nt AUTO to determine best number of threads.
  4  GTR+F+I+G4    693.682      15  1417.365     1418.592     1477.497
WARNING: Number of threads seems too high for short alignments. Use -nt AUTO to determine best number of threads.
  5  GTR+F+R2      693.486      15  1416.972     1418.199     1477.104
WARNING: Number of threads seems too high for short alignments. Use -nt AUTO to determine best number of threads.
  6  GTR+F+R3      693.528      17  1421.056     1422.629     1489.206
WARNING: Number of threads seems too high for short alignments. Use -nt AUTO to determine best number of threads.
 14  SYM           703.198      10  1426.395     1426.951     1466.484
WARNING: Number of threads seems too high for short alignments. Use -nt AUTO to determine best number of threads.
 15  SYM+I         703.198      11  1428.396     1429.064     1472.493
WARNING: Number of threads seems too high for short alignments. Use -nt AUTO to determine best number of threads.
 16  SYM+G4        703.198      11  1428.396     1429.064     1472.493
WARNING: Number of threads seems too high for short alignments. Use -nt AUTO to determine best number of threads.
 27  TVM+F         694.028      12  1412.055     1412.847     1460.161
WARNING: Number of threads seems too high for short alignments. Use -nt AUTO to determine best number of threads.
 28  TVM+F+I       694.027      13  1414.055     1414.981     1466.169
WARNING: Number of threads seems too high for short alignments. Use -nt AUTO to determine best number of threads.
 29  TVM+F+G4      694.028      13  1414.055     1414.981     1466.170
WARNING: Number of threads seems too high for short alignments. Use -nt AUTO to determine best number of threads.
 40  TVMe          704.108      9   1426.216     1426.669     1462.295
WARNING: Number of threads seems too high for short alignments. Use -nt AUTO to determine best number of threads.
 41  TVMe+I        704.108      10  1428.215     1428.771     1468.304
WARNING: Number of threads seems too high for short alignments. Use -nt AUTO to determine best number of threads.
 42  TVMe+G4       704.108      10  1428.216     1428.771     1468.304
WARNING: Number of threads seems too high for short alignments. Use -nt AUTO to determine best number of threads.
 53  TIM3+F        694.275      11  1410.549     1411.218     1454.646
WARNING: Number of threads seems too high for short alignments. Use -nt AUTO to determine best number of threads.
 54  TIM3+F+I      694.275      12  1412.549     1413.341     1460.655
WARNING: Number of threads seems too high for short alignments. Use -nt AUTO to determine best number of threads.
 55  TIM3+F+G4     694.275      12  1412.550     1413.342     1460.656
WARNING: Number of threads seems too high for short alignments. Use -nt AUTO to determine best number of threads.
 66  TIM3e         704.126      8   1424.252     1424.614     1456.322
WARNING: Number of threads seems too high for short alignments. Use -nt AUTO to determine best number of threads.
 67  TIM3e+I       704.126      9   1426.253     1426.706     1462.332
WARNING: Number of threads seems too high for short alignments. Use -nt AUTO to determine best number of threads.
 68  TIM3e+G4      704.126      9   1426.253     1426.706     1462.332
WARNING: Number of threads seems too high for short alignments. Use -nt AUTO to determine best number of threads.
 79  TIM2+F        694.182      11  1410.363     1411.032     1454.460
WARNING: Number of threads seems too high for short alignments. Use -nt AUTO to determine best number of threads.
 80  TIM2+F+I      694.182      12  1412.363     1413.155     1460.469
WARNING: Number of threads seems too high for short alignments. Use -nt AUTO to determine best number of threads.
 81  TIM2+F+G4     694.182      12  1412.364     1413.156     1460.470
WARNING: Number of threads seems too high for short alignments. Use -nt AUTO to determine best number of threads.
 92  TIM2e         704.126      8   1424.251     1424.613     1456.322
WARNING: Number of threads seems too high for short alignments. Use -nt AUTO to determine best number of threads.
 93  TIM2e+I       704.124      9   1426.249     1426.702     1462.328
WARNING: Number of threads seems too high for short alignments. Use -nt AUTO to determine best number of threads.
 94  TIM2e+G4      704.125      9   1426.250     1426.703     1462.329
WARNING: Number of threads seems too high for short alignments. Use -nt AUTO to determine best number of threads.
105  TIM+F         693.621      11  1409.241     1409.910     1453.338
WARNING: Number of threads seems too high for short alignments. Use -nt AUTO to determine best number of threads.
106  TIM+F+I       693.621      12  1411.241     1412.033     1459.347
WARNING: Number of threads seems too high for short alignments. Use -nt AUTO to determine best number of threads.
107  TIM+F+G4      693.621      12  1411.242     1412.034     1459.348
WARNING: Number of threads seems too high for short alignments. Use -nt AUTO to determine best number of threads.
118  TIMe          703.335      8   1422.670     1423.032     1454.741
WARNING: Number of threads seems too high for short alignments. Use -nt AUTO to determine best number of threads.
119  TIMe+I        703.335      9   1424.670     1425.123     1460.749
WARNING: Number of threads seems too high for short alignments. Use -nt AUTO to determine best number of threads.
120  TIMe+G4       703.335      9   1424.670     1425.124     1460.750
WARNING: Number of threads seems too high for short alignments. Use -nt AUTO to determine best number of threads.
131  TPM3u+F       694.999      10  1409.999     1410.554     1450.087
WARNING: Number of threads seems too high for short alignments. Use -nt AUTO to determine best number of threads.
132  TPM3u+F+I     694.999      11  1411.999     1412.667     1456.095
WARNING: Number of threads seems too high for short alignments. Use -nt AUTO to determine best number of threads.
133  TPM3u+F+G4    695.000      11  1411.999     1412.668     1456.096
WARNING: Number of threads seems too high for short alignments. Use -nt AUTO to determine best number of threads.
144  TPM3+F        694.999      10  1409.999     1410.554     1450.087
WARNING: Number of threads seems too high for short alignments. Use -nt AUTO to determine best number of threads.
145  TPM3+F+I      694.999      11  1411.999     1412.667     1456.095
WARNING: Number of threads seems too high for short alignments. Use -nt AUTO to determine best number of threads.
146  TPM3+F+G4     695.000      11  1411.999     1412.668     1456.096
WARNING: Number of threads seems too high for short alignments. Use -nt AUTO to determine best number of threads.
157  TPM2u+F       694.906      10  1409.813     1410.368     1449.901
WARNING: Number of threads seems too high for short alignments. Use -nt AUTO to determine best number of threads.
158  TPM2u+F+I     694.906      11  1411.813     1412.481     1455.910
WARNING: Number of threads seems too high for short alignments. Use -nt AUTO to determine best number of threads.
159  TPM2u+F+G4    694.907      11  1411.813     1412.482     1455.910
WARNING: Number of threads seems too high for short alignments. Use -nt AUTO to determine best number of threads.
170  TPM2+F        694.906      10  1409.813     1410.368     1449.901
WARNING: Number of threads seems too high for short alignments. Use -nt AUTO to determine best number of threads.
171  TPM2+F+I      694.906      11  1411.813     1412.481     1455.910
WARNING: Number of threads seems too high for short alignments. Use -nt AUTO to determine best number of threads.
172  TPM2+F+G4     694.907      11  1411.813     1412.482     1455.910
WARNING: Number of threads seems too high for short alignments. Use -nt AUTO to determine best number of threads.
183  K3Pu+F        694.346      10  1408.691     1409.247     1448.779
WARNING: Number of threads seems too high for short alignments. Use -nt AUTO to determine best number of threads.
184  K3Pu+F+I      694.346      11  1410.691     1411.359     1454.788
WARNING: Number of threads seems too high for short alignments. Use -nt AUTO to determine best number of threads.
185  K3Pu+F+G4     694.346      11  1410.692     1411.360     1454.789
WARNING: Number of threads seems too high for short alignments. Use -nt AUTO to determine best number of threads.
196  K3P           704.244      7   1422.488     1422.768     1450.549
WARNING: Number of threads seems too high for short alignments. Use -nt AUTO to determine best number of threads.
197  K3P+I         704.244      8   1424.487     1424.849     1456.558
WARNING: Number of threads seems too high for short alignments. Use -nt AUTO to determine best number of threads.
198  K3P+G4        704.244      8   1424.488     1424.850     1456.558
WARNING: Number of threads seems too high for short alignments. Use -nt AUTO to determine best number of threads.
209  TN+F          694.292      10  1408.585     1409.140     1448.673
WARNING: Number of threads seems too high for short alignments. Use -nt AUTO to determine best number of threads.
210  TN+F+I        694.292      11  1410.585     1411.253     1454.682
WARNING: Number of threads seems too high for short alignments. Use -nt AUTO to determine best number of threads.
211  TN+F+G4       694.293      11  1410.585     1411.254     1454.682
WARNING: Number of threads seems too high for short alignments. Use -nt AUTO to determine best number of threads.
222  TNe           704.154      7   1422.307     1422.588     1450.369
WARNING: Number of threads seems too high for short alignments. Use -nt AUTO to determine best number of threads.
223  TNe+I         704.154      8   1424.307     1424.669     1456.378
WARNING: Number of threads seems too high for short alignments. Use -nt AUTO to determine best number of threads.
224  TNe+G4        704.154      8   1424.308     1424.670     1456.378
WARNING: Number of threads seems too high for short alignments. Use -nt AUTO to determine best number of threads.
235  HKY+F         695.017      9   1408.034     1408.487     1444.113
WARNING: Number of threads seems too high for short alignments. Use -nt AUTO to determine best number of threads.
236  HKY+F+I       695.017      10  1410.034     1410.589     1450.122
WARNING: Number of threads seems too high for short alignments. Use -nt AUTO to determine best number of threads.
237  HKY+F+G4      695.017      10  1410.035     1410.590     1450.123
WARNING: Number of threads seems too high for short alignments. Use -nt AUTO to determine best number of threads.
248  K2P           705.063      6   1422.125     1422.335     1446.178
WARNING: Number of threads seems too high for short alignments. Use -nt AUTO to determine best number of threads.
249  K2P+I         705.062      7   1424.125     1424.406     1452.187
WARNING: Number of threads seems too high for short alignments. Use -nt AUTO to determine best number of threads.
250  K2P+G4        705.063      7   1424.125     1424.406     1452.187
WARNING: Number of threads seems too high for short alignments. Use -nt AUTO to determine best number of threads.
261  F81+F         697.866      8   1411.732     1412.094     1443.803
WARNING: Number of threads seems too high for short alignments. Use -nt AUTO to determine best number of threads.
262  F81+F+I       697.866      9   1413.732     1414.185     1449.811
WARNING: Number of threads seems too high for short alignments. Use -nt AUTO to determine best number of threads.
263  F81+F+G4      697.866      9   1413.733     1414.186     1449.812
WARNING: Number of threads seems too high for short alignments. Use -nt AUTO to determine best number of threads.
274  JC            707.670      5   1425.340     1425.490     1445.384
WARNING: Number of threads seems too high for short alignments. Use -nt AUTO to determine best number of threads.
275  JC+I          707.670      6   1427.340     1427.550     1451.393
WARNING: Number of threads seems too high for short alignments. Use -nt AUTO to determine best number of threads.
276  JC+G4         707.670      6   1427.341     1427.551     1451.393
Akaike Information Criterion:           HKY+F
Corrected Akaike Information Criterion: HKY+F
Bayesian Information Criterion:         F81+F
Best-fit model: F81+F chosen according to BIC

All model information printed to C_mou_8656/C_mou_8656_Cluster_FinalconsensusSsC0.997dCh_renamed.fa.MAFFT.model.gz
CPU time for ModelFinder: 0.063 seconds (0h:0m:0s)
Wall-clock time for ModelFinder: 0.036 seconds (0h:0m:0s)
Generating 1000 samples for ultrafast bootstrap (seed: 635758)...

NOTE: 0 MB RAM (0 GB) is required!
WARNING: Number of threads seems too high for short alignments. Use -nt AUTO to determine best number of threads.
Estimate model parameters (epsilon = 0.100)
1. Initial log-likelihood: -697.866
Optimal log-likelihood: -697.866
Rate parameters:  A-C: 1.00000  A-G: 1.00000  A-T: 1.00000  C-G: 1.00000  C-T: 1.00000  G-T: 1.00000
Base frequencies:  A: 0.292  C: 0.182  G: 0.217  T: 0.310
Parameters optimization took 1 rounds (0.000 sec)
Computing ML distances based on estimated model parameters... 0.000 sec
Computing BIONJ tree...
0.000 seconds
Log-likelihood of BIONJ tree: -697.867
--------------------------------------------------------------------
|             INITIALIZING CANDIDATE TREE SET                      |
--------------------------------------------------------------------
Generating 99 parsimony trees... 0.006 second
Computing log-likelihood of 2 initial trees ... 0.000 seconds
Current best score: -697.866

Do NNI search on 3 best initial trees
Finish initializing candidate tree set (3)
Current best tree score: -697.866 / CPU time: 0.008
Number of iterations: 3
--------------------------------------------------------------------
|               OPTIMIZING CANDIDATE TREE SET                      |
--------------------------------------------------------------------
UPDATE BEST LOG-LIKELIHOOD: -697.866
Iteration 10 / LogL: -697.867 / Time: 0h:0m:0s
UPDATE BEST LOG-LIKELIHOOD: -697.866
Iteration 20 / LogL: -697.867 / Time: 0h:0m:0s
Iteration 30 / LogL: -697.867 / Time: 0h:0m:0s (0h:0m:0s left)
Iteration 40 / LogL: -697.867 / Time: 0h:0m:0s (0h:0m:0s left)
Iteration 50 / LogL: -697.867 / Time: 0h:0m:0s (0h:0m:0s left)
Log-likelihood cutoff on original alignment: -717.269
Iteration 60 / LogL: -697.866 / Time: 0h:0m:0s (0h:0m:0s left)
Iteration 70 / LogL: -717.241 / Time: 0h:0m:0s (0h:0m:0s left)
Iteration 80 / LogL: -717.241 / Time: 0h:0m:0s (0h:0m:0s left)
Iteration 90 / LogL: -697.867 / Time: 0h:0m:0s (0h:0m:0s left)
Iteration 100 / LogL: -717.241 / Time: 0h:0m:0s (0h:0m:0s left)
Log-likelihood cutoff on original alignment: -717.269
NOTE: Bootstrap correlation coefficient of split occurrence frequencies: 1.000
TREE SEARCH COMPLETED AFTER 101 ITERATIONS / Time: 0h:0m:0s

--------------------------------------------------------------------
|                    FINALIZING TREE SEARCH                        |
--------------------------------------------------------------------
Performs final model parameters optimization
Estimate model parameters (epsilon = 0.010)
1. Initial log-likelihood: -697.866
Optimal log-likelihood: -697.866
Rate parameters:  A-C: 1.00000  A-G: 1.00000  A-T: 1.00000  C-G: 1.00000  C-T: 1.00000  G-T: 1.00000
Base frequencies:  A: 0.292  C: 0.182  G: 0.217  T: 0.310
Parameters optimization took 1 rounds (0.000 sec)
BEST SCORE FOUND : -697.866
Creating bootstrap support values...
Split supports printed to NEXUS file C_mou_8656/C_mou_8656_Cluster_FinalconsensusSsC0.997dCh_renamed.fa.MAFFT.splits.nex
Total tree length: 0.058

Total number of iterations: 101
CPU time used for tree search: 0.375 sec (0h:0m:0s)
Wall-clock time used for tree search: 0.191 sec (0h:0m:0s)
Total CPU time used: 0.406 sec (0h:0m:0s)
Total wall-clock time used: 0.207 sec (0h:0m:0s)

Computing bootstrap consensus tree...
Reading input file C_mou_8656/C_mou_8656_Cluster_FinalconsensusSsC0.997dCh_renamed.fa.MAFFT.splits.nex...
4 taxa and 7 splits.
Consensus tree written to C_mou_8656/C_mou_8656_Cluster_FinalconsensusSsC0.997dCh_renamed.fa.MAFFT.contree
Reading input trees file C_mou_8656/C_mou_8656_Cluster_FinalconsensusSsC0.997dCh_renamed.fa.MAFFT.contree
Log-likelihood of consensus tree: -697.867

Analysis results written to: 
  IQ-TREE report:                C_mou_8656/C_mou_8656_Cluster_FinalconsensusSsC0.997dCh_renamed.fa.MAFFT.iqtree
  Maximum-likelihood tree:       C_mou_8656/C_mou_8656_Cluster_FinalconsensusSsC0.997dCh_renamed.fa.MAFFT.treefile
  Likelihood distances:          C_mou_8656/C_mou_8656_Cluster_FinalconsensusSsC0.997dCh_renamed.fa.MAFFT.mldist

Ultrafast bootstrap approximation results written to:
  Split support values:          C_mou_8656/C_mou_8656_Cluster_FinalconsensusSsC0.997dCh_renamed.fa.MAFFT.splits.nex
  Consensus tree:                C_mou_8656/C_mou_8656_Cluster_FinalconsensusSsC0.997dCh_renamed.fa.MAFFT.contree
  Screen log file:               C_mou_8656/C_mou_8656_Cluster_FinalconsensusSsC0.997dCh_renamed.fa.MAFFT.log

Date and Time: Fri Jan 22 17:36:59 2021
