IQ-TREE multicore version 2.0.3 for Mac OS X 64-bit built Apr 26 2020
Developed by Bui Quang Minh, Nguyen Lam Tung, Olga Chernomor,
Heiko Schmidt, Dominik Schrempf, Michael Woodhams.

Host:    Peters-iMac.local (AVX2, FMA3, 128 GB RAM)
Command: iqtree -s C_mon_8672/C_mon_8672_Cluster_FinalconsensusSsC0.997dCh_renamed.fa.MAFFT -m MFP -nt 2 -B 1000
Seed:    50918 (Using SPRNG - Scalable Parallel Random Number Generator)
Time:    Fri Jan 22 17:40:39 2021
Kernel:  AVX+FMA - 2 threads (16 CPU cores detected)

Reading alignment file C_mon_8672/C_mon_8672_Cluster_FinalconsensusSsC0.997dCh_renamed.fa.MAFFT ... Fasta format detected
Alignment most likely contains DNA/RNA sequences
Alignment has 6 sequences with 473 columns, 26 distinct patterns
18 parsimony-informative, 5 singleton sites, 450 constant sites
WARNING: Some sequence names are changed as follows:
C_mon_8672_Cluster14;size=47 -> C_mon_8672_Cluster14_size_47
C_mon_8672_Cluster15;size=25 -> C_mon_8672_Cluster15_size_25
C_mon_8672_Cluster2;size=21 -> C_mon_8672_Cluster2_size_21
C_mon_8672_Cluster10;size=15 -> C_mon_8672_Cluster10_size_15
C_mon_8672_Cluster17;size=7 -> C_mon_8672_Cluster17_size_7
C_mon_8672_Cluster9;size=4 -> C_mon_8672_Cluster9_size_4

                              Gap/Ambiguity  Composition  p-value
   1  C_mon_8672_Cluster14_size_47    2.33%    passed     99.79%
   2  C_mon_8672_Cluster15_size_25    2.33%    passed     99.42%
   3  C_mon_8672_Cluster2_size_21     0.00%    passed     99.67%
   4  C_mon_8672_Cluster10_size_15    0.00%    passed     99.94%
   5  C_mon_8672_Cluster17_size_7     2.33%    passed     99.82%
   6  C_mon_8672_Cluster9_size_4      0.00%    passed     99.60%
****  TOTAL                           1.16%  0 sequences failed composition chi2 test (p-value<5%; df=3)


Create initial parsimony tree by phylogenetic likelihood library (PLL)... 0.000 seconds
WARNING: Number of threads seems too high for short alignments. Use -nt AUTO to determine best number of threads.
Perform fast likelihood tree search using GTR+I+G model...
Estimate model parameters (epsilon = 5.000)
Perform nearest neighbor interchange...
Estimate model parameters (epsilon = 1.000)
1. Initial log-likelihood: -798.527
2. Current log-likelihood: -794.969
Optimal log-likelihood: -793.978
Rate parameters:  A-C: 0.00010  A-G: 5.64869  A-T: 0.60650  C-G: 0.00010  C-T: 6.00272  G-T: 1.00000
Base frequencies:  A: 0.274  C: 0.180  G: 0.220  T: 0.326
Proportion of invariable sites: 0.475
Gamma shape alpha: 0.020
Parameters optimization took 2 rounds (0.002 sec)
Time for fast ML tree search: 0.004 seconds

NOTE: ModelFinder requires 0 MB RAM!
ModelFinder will test up to 286 DNA models (sample size: 473) ...
 No. Model         -LnL         df  AIC          AICc         BIC
WARNING: Number of threads seems too high for short alignments. Use -nt AUTO to determine best number of threads.
  1  GTR+F         795.127      17  1624.255     1625.600     1694.959
WARNING: Number of threads seems too high for short alignments. Use -nt AUTO to determine best number of threads.
  2  GTR+F+I       791.451      18  1618.902     1620.409     1693.766
WARNING: Number of threads seems too high for short alignments. Use -nt AUTO to determine best number of threads.
  3  GTR+F+G4      791.933      18  1619.867     1621.374     1694.731
WARNING: Number of threads seems too high for short alignments. Use -nt AUTO to determine best number of threads.
  4  GTR+F+I+G4    791.467      19  1620.934     1622.611     1699.956
WARNING: Number of threads seems too high for short alignments. Use -nt AUTO to determine best number of threads.
  5  GTR+F+R2      794.058      19  1626.115     1627.793     1705.138
WARNING: Number of threads seems too high for short alignments. Use -nt AUTO to determine best number of threads.
  6  GTR+F+R3      793.107      21  1628.213     1630.262     1715.554
WARNING: Number of threads seems too high for short alignments. Use -nt AUTO to determine best number of threads.
 14  SYM           807.639      14  1643.278     1644.195     1701.505
WARNING: Number of threads seems too high for short alignments. Use -nt AUTO to determine best number of threads.
 15  SYM+I         803.838      15  1637.676     1638.727     1700.063
WARNING: Number of threads seems too high for short alignments. Use -nt AUTO to determine best number of threads.
 16  SYM+G4        804.378      15  1638.757     1639.807     1701.143
WARNING: Number of threads seems too high for short alignments. Use -nt AUTO to determine best number of threads.
 17  SYM+I+G4      803.849      16  1639.698     1640.891     1706.243
WARNING: Number of threads seems too high for short alignments. Use -nt AUTO to determine best number of threads.
 27  TVM+F         795.171      16  1622.343     1623.536     1688.888
WARNING: Number of threads seems too high for short alignments. Use -nt AUTO to determine best number of threads.
 28  TVM+F+I       791.501      17  1617.003     1618.348     1687.707
WARNING: Number of threads seems too high for short alignments. Use -nt AUTO to determine best number of threads.
 29  TVM+F+G4      791.981      17  1617.963     1619.308     1688.667
WARNING: Number of threads seems too high for short alignments. Use -nt AUTO to determine best number of threads.
 30  TVM+F+I+G4    791.517      18  1619.034     1620.541     1693.898
WARNING: Number of threads seems too high for short alignments. Use -nt AUTO to determine best number of threads.
 40  TVMe          807.651      13  1641.302     1642.095     1695.370
WARNING: Number of threads seems too high for short alignments. Use -nt AUTO to determine best number of threads.
 41  TVMe+I        803.871      14  1635.741     1636.658     1693.969
WARNING: Number of threads seems too high for short alignments. Use -nt AUTO to determine best number of threads.
 42  TVMe+G4       804.397      14  1636.795     1637.712     1695.022
WARNING: Number of threads seems too high for short alignments. Use -nt AUTO to determine best number of threads.
 43  TVMe+I+G4     803.882      15  1637.765     1638.815     1700.151
WARNING: Number of threads seems too high for short alignments. Use -nt AUTO to determine best number of threads.
 53  TIM3+F        796.001      15  1622.002     1623.052     1684.388
WARNING: Number of threads seems too high for short alignments. Use -nt AUTO to determine best number of threads.
 54  TIM3+F+I      792.272      16  1616.544     1617.737     1683.090
WARNING: Number of threads seems too high for short alignments. Use -nt AUTO to determine best number of threads.
 55  TIM3+F+G4     792.794      16  1617.588     1618.781     1684.134
WARNING: Number of threads seems too high for short alignments. Use -nt AUTO to determine best number of threads.
 56  TIM3+F+I+G4   792.281      17  1618.563     1619.908     1689.267
WARNING: Number of threads seems too high for short alignments. Use -nt AUTO to determine best number of threads.
 66  TIM3e         808.277      12  1640.554     1641.232     1690.463
WARNING: Number of threads seems too high for short alignments. Use -nt AUTO to determine best number of threads.
 67  TIM3e+I       804.402      13  1634.803     1635.596     1688.871
WARNING: Number of threads seems too high for short alignments. Use -nt AUTO to determine best number of threads.
 68  TIM3e+G4      804.983      13  1635.966     1636.759     1690.034
WARNING: Number of threads seems too high for short alignments. Use -nt AUTO to determine best number of threads.
 69  TIM3e+I+G4    804.409      14  1636.818     1637.735     1695.045
WARNING: Number of threads seems too high for short alignments. Use -nt AUTO to determine best number of threads.
 79  TIM2+F        799.034      15  1628.068     1629.118     1690.455
WARNING: Number of threads seems too high for short alignments. Use -nt AUTO to determine best number of threads.
 80  TIM2+F+I      794.905      16  1621.810     1623.003     1688.356
WARNING: Number of threads seems too high for short alignments. Use -nt AUTO to determine best number of threads.
 81  TIM2+F+G4     795.642      16  1623.285     1624.478     1689.830
WARNING: Number of threads seems too high for short alignments. Use -nt AUTO to determine best number of threads.
 82  TIM2+F+I+G4   794.907      17  1623.814     1625.159     1694.519
WARNING: Number of threads seems too high for short alignments. Use -nt AUTO to determine best number of threads.
 92  TIM2e         812.550      12  1649.099     1649.778     1699.009
WARNING: Number of threads seems too high for short alignments. Use -nt AUTO to determine best number of threads.
 93  TIM2e+I       808.453      13  1642.905     1643.698     1696.974
WARNING: Number of threads seems too high for short alignments. Use -nt AUTO to determine best number of threads.
 94  TIM2e+G4      809.185      13  1644.370     1645.164     1698.439
WARNING: Number of threads seems too high for short alignments. Use -nt AUTO to determine best number of threads.
 95  TIM2e+I+G4    808.455      14  1644.909     1645.826     1703.136
WARNING: Number of threads seems too high for short alignments. Use -nt AUTO to determine best number of threads.
105  TIM+F         799.335      15  1628.670     1629.720     1691.057
WARNING: Number of threads seems too high for short alignments. Use -nt AUTO to determine best number of threads.
106  TIM+F+I       795.381      16  1622.761     1623.954     1689.307
WARNING: Number of threads seems too high for short alignments. Use -nt AUTO to determine best number of threads.
107  TIM+F+G4      796.026      16  1624.051     1625.244     1690.597
WARNING: Number of threads seems too high for short alignments. Use -nt AUTO to determine best number of threads.
108  TIM+F+I+G4    795.381      17  1624.762     1626.107     1695.467
WARNING: Number of threads seems too high for short alignments. Use -nt AUTO to determine best number of threads.
118  TIMe          812.745      12  1649.490     1650.168     1699.399
WARNING: Number of threads seems too high for short alignments. Use -nt AUTO to determine best number of threads.
119  TIMe+I        808.827      13  1643.654     1644.447     1697.722
WARNING: Number of threads seems too high for short alignments. Use -nt AUTO to determine best number of threads.
120  TIMe+G4       809.461      13  1644.922     1645.715     1698.990
WARNING: Number of threads seems too high for short alignments. Use -nt AUTO to determine best number of threads.
121  TIMe+I+G4     808.827      14  1645.655     1646.572     1703.882
WARNING: Number of threads seems too high for short alignments. Use -nt AUTO to determine best number of threads.
131  TPM3u+F       796.047      14  1620.094     1621.011     1678.321
WARNING: Number of threads seems too high for short alignments. Use -nt AUTO to determine best number of threads.
132  TPM3u+F+I     792.311      15  1614.621     1615.672     1677.008
WARNING: Number of threads seems too high for short alignments. Use -nt AUTO to determine best number of threads.
133  TPM3u+F+G4    792.838      15  1615.675     1616.726     1678.062
WARNING: Number of threads seems too high for short alignments. Use -nt AUTO to determine best number of threads.
134  TPM3u+F+I+G4  792.319      16  1616.638     1617.831     1683.183
WARNING: Number of threads seems too high for short alignments. Use -nt AUTO to determine best number of threads.
144  TPM3+F        796.047      14  1620.094     1621.011     1678.321
WARNING: Number of threads seems too high for short alignments. Use -nt AUTO to determine best number of threads.
145  TPM3+F+I      792.311      15  1614.621     1615.672     1677.008
WARNING: Number of threads seems too high for short alignments. Use -nt AUTO to determine best number of threads.
146  TPM3+F+G4     792.838      15  1615.675     1616.726     1678.062
WARNING: Number of threads seems too high for short alignments. Use -nt AUTO to determine best number of threads.
147  TPM3+F+I+G4   792.319      16  1616.638     1617.831     1683.183
WARNING: Number of threads seems too high for short alignments. Use -nt AUTO to determine best number of threads.
157  TPM2u+F       799.085      14  1626.170     1627.087     1684.397
WARNING: Number of threads seems too high for short alignments. Use -nt AUTO to determine best number of threads.
158  TPM2u+F+I     795.023      15  1620.046     1621.096     1682.432
WARNING: Number of threads seems too high for short alignments. Use -nt AUTO to determine best number of threads.
159  TPM2u+F+G4    795.717      15  1621.434     1622.485     1683.821
WARNING: Number of threads seems too high for short alignments. Use -nt AUTO to determine best number of threads.
160  TPM2u+F+I+G4  795.023      16  1622.046     1623.239     1688.591
WARNING: Number of threads seems too high for short alignments. Use -nt AUTO to determine best number of threads.
170  TPM2+F        799.085      14  1626.170     1627.087     1684.397
WARNING: Number of threads seems too high for short alignments. Use -nt AUTO to determine best number of threads.
171  TPM2+F+I      795.023      15  1620.046     1621.096     1682.432
WARNING: Number of threads seems too high for short alignments. Use -nt AUTO to determine best number of threads.
172  TPM2+F+G4     795.717      15  1621.434     1622.485     1683.821
WARNING: Number of threads seems too high for short alignments. Use -nt AUTO to determine best number of threads.
173  TPM2+F+I+G4   795.023      16  1622.046     1623.239     1688.591
WARNING: Number of threads seems too high for short alignments. Use -nt AUTO to determine best number of threads.
183  K3Pu+F        799.384      14  1626.769     1627.686     1684.996
WARNING: Number of threads seems too high for short alignments. Use -nt AUTO to determine best number of threads.
184  K3Pu+F+I      795.485      15  1620.970     1622.020     1683.356
WARNING: Number of threads seems too high for short alignments. Use -nt AUTO to determine best number of threads.
185  K3Pu+F+G4     796.097      15  1622.195     1623.245     1684.581
WARNING: Number of threads seems too high for short alignments. Use -nt AUTO to determine best number of threads.
186  K3Pu+F+I+G4   795.487      16  1622.974     1624.167     1689.519
WARNING: Number of threads seems too high for short alignments. Use -nt AUTO to determine best number of threads.
196  K3P           812.767      11  1647.535     1648.108     1693.285
WARNING: Number of threads seems too high for short alignments. Use -nt AUTO to determine best number of threads.
197  K3P+I         808.889      12  1641.779     1642.457     1691.688
WARNING: Number of threads seems too high for short alignments. Use -nt AUTO to determine best number of threads.
198  K3P+G4        809.498      12  1642.996     1643.675     1692.906
WARNING: Number of threads seems too high for short alignments. Use -nt AUTO to determine best number of threads.
199  K3P+I+G4      808.892      13  1643.784     1644.577     1697.852
WARNING: Number of threads seems too high for short alignments. Use -nt AUTO to determine best number of threads.
209  TN+F          799.912      14  1627.825     1628.742     1686.052
WARNING: Number of threads seems too high for short alignments. Use -nt AUTO to determine best number of threads.
210  TN+F+I        795.719      15  1621.438     1622.488     1683.824
WARNING: Number of threads seems too high for short alignments. Use -nt AUTO to determine best number of threads.
211  TN+F+G4       796.506      15  1623.012     1624.063     1685.399
WARNING: Number of threads seems too high for short alignments. Use -nt AUTO to determine best number of threads.
212  TN+F+I+G4     795.724      16  1623.449     1624.642     1689.994
WARNING: Number of threads seems too high for short alignments. Use -nt AUTO to determine best number of threads.
222  TNe           813.225      11  1648.450     1649.022     1694.200
WARNING: Number of threads seems too high for short alignments. Use -nt AUTO to determine best number of threads.
223  TNe+I         809.060      12  1642.120     1642.798     1692.029
WARNING: Number of threads seems too high for short alignments. Use -nt AUTO to determine best number of threads.
224  TNe+G4        809.839      12  1643.679     1644.357     1693.588
WARNING: Number of threads seems too high for short alignments. Use -nt AUTO to determine best number of threads.
225  TNe+I+G4      809.066      13  1644.132     1644.925     1698.200
WARNING: Number of threads seems too high for short alignments. Use -nt AUTO to determine best number of threads.
235  HKY+F         799.961      13  1625.923     1626.716     1679.991
WARNING: Number of threads seems too high for short alignments. Use -nt AUTO to determine best number of threads.
236  HKY+F+I       795.819      14  1619.638     1620.555     1677.865
WARNING: Number of threads seems too high for short alignments. Use -nt AUTO to determine best number of threads.
237  HKY+F+G4      796.575      14  1621.150     1622.067     1679.378
WARNING: Number of threads seems too high for short alignments. Use -nt AUTO to determine best number of threads.
238  HKY+F+I+G4    795.823      15  1621.647     1622.697     1684.033
WARNING: Number of threads seems too high for short alignments. Use -nt AUTO to determine best number of threads.
248  K2P           813.247      10  1646.494     1646.971     1688.085
WARNING: Number of threads seems too high for short alignments. Use -nt AUTO to determine best number of threads.
249  K2P+I         809.127      11  1640.254     1640.827     1686.004
WARNING: Number of threads seems too high for short alignments. Use -nt AUTO to determine best number of threads.
250  K2P+G4        809.876      11  1641.753     1642.325     1687.503
WARNING: Number of threads seems too high for short alignments. Use -nt AUTO to determine best number of threads.
251  K2P+I+G4      809.131      12  1642.262     1642.941     1692.172
WARNING: Number of threads seems too high for short alignments. Use -nt AUTO to determine best number of threads.
261  F81+F         805.944      12  1635.888     1636.567     1685.797
WARNING: Number of threads seems too high for short alignments. Use -nt AUTO to determine best number of threads.
262  F81+F+I       801.945      13  1629.891     1630.684     1683.959
WARNING: Number of threads seems too high for short alignments. Use -nt AUTO to determine best number of threads.
263  F81+F+G4      802.622      13  1631.244     1632.037     1685.313
WARNING: Number of threads seems too high for short alignments. Use -nt AUTO to determine best number of threads.
264  F81+F+I+G4    801.945      14  1631.891     1632.808     1690.118
WARNING: Number of threads seems too high for short alignments. Use -nt AUTO to determine best number of threads.
274  JC            818.816      9   1655.632     1656.021     1693.064
WARNING: Number of threads seems too high for short alignments. Use -nt AUTO to determine best number of threads.
275  JC+I          814.808      10  1649.616     1650.093     1691.207
WARNING: Number of threads seems too high for short alignments. Use -nt AUTO to determine best number of threads.
276  JC+G4         815.492      10  1650.983     1651.459     1692.574
WARNING: Number of threads seems too high for short alignments. Use -nt AUTO to determine best number of threads.
277  JC+I+G4       814.809      11  1651.617     1652.190     1697.367
Akaike Information Criterion:           TPM3+F+I
Corrected Akaike Information Criterion: TPM3+F+I
Bayesian Information Criterion:         TPM3+F+I
Best-fit model: TPM3+F+I chosen according to BIC

All model information printed to C_mon_8672/C_mon_8672_Cluster_FinalconsensusSsC0.997dCh_renamed.fa.MAFFT.model.gz
CPU time for ModelFinder: 0.153 seconds (0h:0m:0s)
Wall-clock time for ModelFinder: 0.082 seconds (0h:0m:0s)
Generating 1000 samples for ultrafast bootstrap (seed: 50918)...

NOTE: 0 MB RAM (0 GB) is required!
WARNING: Number of threads seems too high for short alignments. Use -nt AUTO to determine best number of threads.
Estimate model parameters (epsilon = 0.100)
1. Initial log-likelihood: -792.311
Optimal log-likelihood: -792.311
Rate parameters:  A-C: 0.00010  A-G: 2.70715  A-T: 1.00000  C-G: 0.00010  C-T: 2.70715  G-T: 1.00000
Base frequencies:  A: 0.274  C: 0.180  G: 0.220  T: 0.326
Proportion of invariable sites: 0.859
Parameters optimization took 1 rounds (0.000 sec)
Computing ML distances based on estimated model parameters... 0.000 sec
Computing BIONJ tree...
0.000 seconds
Log-likelihood of BIONJ tree: -792.520
--------------------------------------------------------------------
|             INITIALIZING CANDIDATE TREE SET                      |
--------------------------------------------------------------------
Generating 98 parsimony trees... 0.010 second
Computing log-likelihood of 14 initial trees ... 0.001 seconds
Current best score: -792.311

Do NNI search on 16 best initial trees
Iteration 10 / LogL: -792.316 / Time: 0h:0m:0s
Finish initializing candidate tree set (16)
Current best tree score: -792.311 / CPU time: 0.026
Number of iterations: 16
--------------------------------------------------------------------
|               OPTIMIZING CANDIDATE TREE SET                      |
--------------------------------------------------------------------
Iteration 20 / LogL: -792.311 / Time: 0h:0m:0s
Iteration 30 / LogL: -793.220 / Time: 0h:0m:0s (0h:0m:0s left)
Iteration 40 / LogL: -792.312 / Time: 0h:0m:0s (0h:0m:0s left)
Iteration 50 / LogL: -792.311 / Time: 0h:0m:0s (0h:0m:0s left)
Log-likelihood cutoff on original alignment: -799.765
Iteration 60 / LogL: -792.526 / Time: 0h:0m:0s (0h:0m:0s left)
Iteration 70 / LogL: -792.311 / Time: 0h:0m:0s (0h:0m:0s left)
Iteration 80 / LogL: -792.316 / Time: 0h:0m:0s (0h:0m:0s left)
Iteration 90 / LogL: -792.312 / Time: 0h:0m:0s (0h:0m:0s left)
Iteration 100 / LogL: -792.316 / Time: 0h:0m:0s (0h:0m:0s left)
Log-likelihood cutoff on original alignment: -799.765
NOTE: Bootstrap correlation coefficient of split occurrence frequencies: 0.999
TREE SEARCH COMPLETED AFTER 101 ITERATIONS / Time: 0h:0m:0s

--------------------------------------------------------------------
|                    FINALIZING TREE SEARCH                        |
--------------------------------------------------------------------
Performs final model parameters optimization
Estimate model parameters (epsilon = 0.010)
1. Initial log-likelihood: -792.311
Optimal log-likelihood: -792.311
Rate parameters:  A-C: 0.00010  A-G: 2.70715  A-T: 1.00000  C-G: 0.00010  C-T: 2.70715  G-T: 1.00000
Base frequencies:  A: 0.274  C: 0.180  G: 0.220  T: 0.326
Proportion of invariable sites: 0.859
Parameters optimization took 1 rounds (0.000 sec)
BEST SCORE FOUND : -792.311
Creating bootstrap support values...
Split supports printed to NEXUS file C_mon_8672/C_mon_8672_Cluster_FinalconsensusSsC0.997dCh_renamed.fa.MAFFT.splits.nex
Total tree length: 0.064

Total number of iterations: 101
CPU time used for tree search: 0.521 sec (0h:0m:0s)
Wall-clock time used for tree search: 0.265 sec (0h:0m:0s)
Total CPU time used: 0.564 sec (0h:0m:0s)
Total wall-clock time used: 0.288 sec (0h:0m:0s)

Computing bootstrap consensus tree...
Reading input file C_mon_8672/C_mon_8672_Cluster_FinalconsensusSsC0.997dCh_renamed.fa.MAFFT.splits.nex...
6 taxa and 12 splits.
Consensus tree written to C_mon_8672/C_mon_8672_Cluster_FinalconsensusSsC0.997dCh_renamed.fa.MAFFT.contree
Reading input trees file C_mon_8672/C_mon_8672_Cluster_FinalconsensusSsC0.997dCh_renamed.fa.MAFFT.contree
Log-likelihood of consensus tree: -792.312

Analysis results written to: 
  IQ-TREE report:                C_mon_8672/C_mon_8672_Cluster_FinalconsensusSsC0.997dCh_renamed.fa.MAFFT.iqtree
  Maximum-likelihood tree:       C_mon_8672/C_mon_8672_Cluster_FinalconsensusSsC0.997dCh_renamed.fa.MAFFT.treefile
  Likelihood distances:          C_mon_8672/C_mon_8672_Cluster_FinalconsensusSsC0.997dCh_renamed.fa.MAFFT.mldist

Ultrafast bootstrap approximation results written to:
  Split support values:          C_mon_8672/C_mon_8672_Cluster_FinalconsensusSsC0.997dCh_renamed.fa.MAFFT.splits.nex
  Consensus tree:                C_mon_8672/C_mon_8672_Cluster_FinalconsensusSsC0.997dCh_renamed.fa.MAFFT.contree
  Screen log file:               C_mon_8672/C_mon_8672_Cluster_FinalconsensusSsC0.997dCh_renamed.fa.MAFFT.log

Date and Time: Fri Jan 22 17:40:39 2021
