[1] "2021-06-15 20:27:05"
Loading required package: Rcpp
[1] ‘1.19.2’
Loading required package: BiocGenerics
Loading required package: parallel

Attaching package: ‘BiocGenerics’

The following objects are masked from ‘package:parallel’:

    clusterApply, clusterApplyLB, clusterCall, clusterEvalQ,
    clusterExport, clusterMap, parApply, parCapply, parLapply,
    parLapplyLB, parRapply, parSapply, parSapplyLB

The following objects are masked from ‘package:stats’:

    IQR, mad, sd, var, xtabs

The following objects are masked from ‘package:base’:

    anyDuplicated, append, as.data.frame, basename, cbind, colnames,
    dirname, do.call, duplicated, eval, evalq, Filter, Find, get, grep,
    grepl, intersect, is.unsorted, lapply, Map, mapply, match, mget,
    order, paste, pmax, pmax.int, pmin, pmin.int, Position, rank,
    rbind, Reduce, rownames, sapply, setdiff, sort, table, tapply,
    union, unique, unsplit, which.max, which.min

Loading required package: S4Vectors
Loading required package: stats4

Attaching package: ‘S4Vectors’

The following object is masked from ‘package:base’:

    expand.grid

Loading required package: IRanges
Loading required package: XVector

Attaching package: ‘Biostrings’

The following object is masked from ‘package:base’:

    strsplit

Warning message:
package ‘BiocGenerics’ was built under R version 4.0.5 
[1] ‘2.58.0’
Loading required package: BiocParallel
Loading required package: Rsamtools
Loading required package: GenomeInfoDb
Loading required package: GenomicRanges
Loading required package: GenomicAlignments
Loading required package: SummarizedExperiment
Loading required package: MatrixGenerics
Loading required package: matrixStats

Attaching package: ‘MatrixGenerics’

The following objects are masked from ‘package:matrixStats’:

    colAlls, colAnyNAs, colAnys, colAvgsPerRowSet, colCollapse,
    colCounts, colCummaxs, colCummins, colCumprods, colCumsums,
    colDiffs, colIQRDiffs, colIQRs, colLogSumExps, colMadDiffs,
    colMads, colMaxs, colMeans2, colMedians, colMins, colOrderStats,
    colProds, colQuantiles, colRanges, colRanks, colSdDiffs, colSds,
    colSums2, colTabulates, colVarDiffs, colVars, colWeightedMads,
    colWeightedMeans, colWeightedMedians, colWeightedSds,
    colWeightedVars, rowAlls, rowAnyNAs, rowAnys, rowAvgsPerColSet,
    rowCollapse, rowCounts, rowCummaxs, rowCummins, rowCumprods,
    rowCumsums, rowDiffs, rowIQRDiffs, rowIQRs, rowLogSumExps,
    rowMadDiffs, rowMads, rowMaxs, rowMeans2, rowMedians, rowMins,
    rowOrderStats, rowProds, rowQuantiles, rowRanges, rowRanks,
    rowSdDiffs, rowSds, rowSums2, rowTabulates, rowVarDiffs, rowVars,
    rowWeightedMads, rowWeightedMeans, rowWeightedMedians,
    rowWeightedSds, rowWeightedVars

Loading required package: Biobase
Welcome to Bioconductor

    Vignettes contain introductory material; view with
    'browseVignettes()'. To cite Bioconductor, see
    'citation("Biobase")', and for packages 'citation("pkgname")'.


Attaching package: ‘Biobase’

The following object is masked from ‘package:MatrixGenerics’:

    rowMedians

The following objects are masked from ‘package:matrixStats’:

    anyMissing, rowMedians

Warning message:
package ‘GenomeInfoDb’ was built under R version 4.0.5 
[1] ‘1.48.0’
[1] ‘3.3.3’
[1] ‘1.4.4’

Attaching package: ‘gridExtra’

The following object is masked from ‘package:Biobase’:

    combine

The following object is masked from ‘package:BiocGenerics’:

    combine

[1] ‘2.3’
[1] "Forward Primer:"
[1] "GATCTTTATGAACAATGTGGGA"
[1] "Reverse Primer:"
[1] "GAAATACCTGATTTGTAACCTA"
Creating output directory: ./noprimers
[1] "Minimum length:"
   25% 
1086.5 
[1] "Maximum length:"
   75% 
1098.5 
[1] "Maximum expected errors:"
[1] 10
null device 
          1 
Creating output directory: ./noprimers/filtered
[1] "Reads filtered:"
                             reads.in reads.out
Isoetes_sp_GA-006-13_2.fastq      364       239
Dereplicating sequence entries in Fastq file: ./noprimers/filtered/Isoetes_sp_GA-006-13_2.fastq
Encountered 220 unique sequences from 239 total sequences read.
261208 total bases in 239 reads from 1 samples will be used for learning the error rates.
The max qual score of 93 was not detected. Using standard error fitting.
The max qual score of 93 was not detected. Using standard error fitting.
The max qual score of 93 was not detected. Using standard error fitting.
Warning message:
Transformation introduced infinite values in continuous y-axis 
null device 
          1 
Sample 1 - 239 reads in 220 unique sequences.
Identified 0 bimeras out of 1 input sequences.
[1] "Non-chimeric reads:"
[1] 1 1
[1] "Percent non-chimeric reads:"
[1] 100
[1] "SUMMARY"
     ccs primers filtered denoised ASVs
[1,] 410     364      239      238    1
[1] "2021-06-15 20:27:13"
