IQ-TREE multicore version 2.0.3 for Mac OS X 64-bit built Apr 26 2020
Developed by Bui Quang Minh, Nguyen Lam Tung, Olga Chernomor,
Heiko Schmidt, Dominik Schrempf, Michael Woodhams.

Host:    Peters-iMac.local (AVX2, FMA3, 128 GB RAM)
Command: iqtree -s C_ree_7038/C_ree_7038_Cluster_FinalconsensusSsC0.997dCh_renamed.fa.MAFFT -m MFP -nt 2 -B 1000
Seed:    332747 (Using SPRNG - Scalable Parallel Random Number Generator)
Time:    Fri Jan 22 17:40:08 2021
Kernel:  AVX+FMA - 2 threads (16 CPU cores detected)

Reading alignment file C_ree_7038/C_ree_7038_Cluster_FinalconsensusSsC0.997dCh_renamed.fa.MAFFT ... Fasta format detected
Alignment most likely contains DNA/RNA sequences
Alignment has 4 sequences with 470 columns, 41 distinct patterns
13 parsimony-informative, 19 singleton sites, 438 constant sites
WARNING: Some sequence names are changed as follows:
C_ree_7038_Cluster11;size=25 -> C_ree_7038_Cluster11_size_25
C_ree_7038_Cluster16;size=13 -> C_ree_7038_Cluster16_size_13
C_ree_7038_Cluster32;size=6 -> C_ree_7038_Cluster32_size_6
C_ree_7038_Cluster30;size=4 -> C_ree_7038_Cluster30_size_4

                              Gap/Ambiguity  Composition  p-value
   1  C_ree_7038_Cluster11_size_25    1.70%    passed     95.82%
   2  C_ree_7038_Cluster16_size_13    1.70%    passed     99.81%
   3  C_ree_7038_Cluster32_size_6     3.62%    passed     98.36%
   4  C_ree_7038_Cluster30_size_4     3.19%    passed     99.26%
****  TOTAL                           2.55%  0 sequences failed composition chi2 test (p-value<5%; df=3)


Create initial parsimony tree by phylogenetic likelihood library (PLL)... 0.000 seconds
WARNING: Number of threads seems too high for short alignments. Use -nt AUTO to determine best number of threads.
Perform fast likelihood tree search using GTR+I+G model...
Estimate model parameters (epsilon = 5.000)
Perform nearest neighbor interchange...
Estimate model parameters (epsilon = 1.000)
1. Initial log-likelihood: -838.618
Optimal log-likelihood: -838.610
Rate parameters:  A-C: 2.41032  A-G: 4.93150  A-T: 2.31848  C-G: 0.00010  C-T: 5.69007  G-T: 1.00000
Base frequencies:  A: 0.243  C: 0.208  G: 0.235  T: 0.313
Proportion of invariable sites: 0.466
Gamma shape alpha: 1.005
Parameters optimization took 1 rounds (0.000 sec)
Time for fast ML tree search: 0.002 seconds

NOTE: ModelFinder requires 0 MB RAM!
ModelFinder will test up to 286 DNA models (sample size: 470) ...
 No. Model         -LnL         df  AIC          AICc         BIC
WARNING: Number of threads seems too high for short alignments. Use -nt AUTO to determine best number of threads.
  1  GTR+F         839.612      13  1705.223     1706.022     1759.209
WARNING: Number of threads seems too high for short alignments. Use -nt AUTO to determine best number of threads.
  2  GTR+F+I       838.557      14  1705.114     1706.037     1763.252
WARNING: Number of threads seems too high for short alignments. Use -nt AUTO to determine best number of threads.
  3  GTR+F+G4      838.573      14  1705.146     1706.069     1763.284
WARNING: Number of threads seems too high for short alignments. Use -nt AUTO to determine best number of threads.
  4  GTR+F+I+G4    838.596      15  1707.193     1708.250     1769.484
WARNING: Number of threads seems too high for short alignments. Use -nt AUTO to determine best number of threads.
  5  GTR+F+R2      839.066      15  1708.132     1709.189     1770.423
WARNING: Number of threads seems too high for short alignments. Use -nt AUTO to determine best number of threads.
  6  GTR+F+R3      838.927      17  1711.854     1713.208     1782.451
WARNING: Number of threads seems too high for short alignments. Use -nt AUTO to determine best number of threads.
 14  SYM           845.358      10  1710.716     1711.195     1752.243
WARNING: Number of threads seems too high for short alignments. Use -nt AUTO to determine best number of threads.
 15  SYM+I         844.244      11  1710.488     1711.064     1756.168
WARNING: Number of threads seems too high for short alignments. Use -nt AUTO to determine best number of threads.
 16  SYM+G4        844.256      11  1710.512     1711.089     1756.192
WARNING: Number of threads seems too high for short alignments. Use -nt AUTO to determine best number of threads.
 27  TVM+F         839.703      12  1703.406     1704.089     1753.239
WARNING: Number of threads seems too high for short alignments. Use -nt AUTO to determine best number of threads.
 28  TVM+F+I       838.583      13  1703.166     1703.964     1757.152
WARNING: Number of threads seems too high for short alignments. Use -nt AUTO to determine best number of threads.
 29  TVM+F+G4      838.598      13  1703.197     1703.995     1757.182
WARNING: Number of threads seems too high for short alignments. Use -nt AUTO to determine best number of threads.
 40  TVMe          845.500      9   1709.000     1709.391     1746.374
WARNING: Number of threads seems too high for short alignments. Use -nt AUTO to determine best number of threads.
 41  TVMe+I        844.317      10  1708.634     1709.113     1750.162
WARNING: Number of threads seems too high for short alignments. Use -nt AUTO to determine best number of threads.
 42  TVMe+G4       844.328      10  1708.657     1709.136     1750.184
WARNING: Number of threads seems too high for short alignments. Use -nt AUTO to determine best number of threads.
 53  TIM3+F        843.398      11  1708.796     1709.372     1754.476
WARNING: Number of threads seems too high for short alignments. Use -nt AUTO to determine best number of threads.
 54  TIM3+F+I      842.165      12  1708.329     1709.012     1758.162
WARNING: Number of threads seems too high for short alignments. Use -nt AUTO to determine best number of threads.
 55  TIM3+F+G4     842.165      12  1708.329     1709.012     1758.162
WARNING: Number of threads seems too high for short alignments. Use -nt AUTO to determine best number of threads.
 66  TIM3e         849.215      8   1714.431     1714.743     1747.652
WARNING: Number of threads seems too high for short alignments. Use -nt AUTO to determine best number of threads.
 67  TIM3e+I       847.942      9   1713.884     1714.275     1751.259
WARNING: Number of threads seems too high for short alignments. Use -nt AUTO to determine best number of threads.
 68  TIM3e+G4      847.944      9   1713.887     1714.278     1751.262
WARNING: Number of threads seems too high for short alignments. Use -nt AUTO to determine best number of threads.
 79  TIM2+F        840.529      11  1703.058     1703.635     1748.738
WARNING: Number of threads seems too high for short alignments. Use -nt AUTO to determine best number of threads.
 80  TIM2+F+I      839.285      12  1702.571     1703.254     1752.404
WARNING: Number of threads seems too high for short alignments. Use -nt AUTO to determine best number of threads.
 81  TIM2+F+G4     839.292      12  1702.584     1703.267     1752.417
WARNING: Number of threads seems too high for short alignments. Use -nt AUTO to determine best number of threads.
 92  TIM2e         846.488      8   1708.976     1709.289     1742.198
WARNING: Number of threads seems too high for short alignments. Use -nt AUTO to determine best number of threads.
 93  TIM2e+I       845.228      9   1708.456     1708.847     1745.831
WARNING: Number of threads seems too high for short alignments. Use -nt AUTO to determine best number of threads.
 94  TIM2e+G4      845.231      9   1708.462     1708.853     1745.837
WARNING: Number of threads seems too high for short alignments. Use -nt AUTO to determine best number of threads.
105  TIM+F         843.491      11  1708.982     1709.558     1754.662
WARNING: Number of threads seems too high for short alignments. Use -nt AUTO to determine best number of threads.
106  TIM+F+I       842.249      12  1708.498     1709.181     1758.331
WARNING: Number of threads seems too high for short alignments. Use -nt AUTO to determine best number of threads.
107  TIM+F+G4      842.255      12  1708.510     1709.193     1758.343
WARNING: Number of threads seems too high for short alignments. Use -nt AUTO to determine best number of threads.
118  TIMe          849.520      8   1715.041     1715.353     1748.263
WARNING: Number of threads seems too high for short alignments. Use -nt AUTO to determine best number of threads.
119  TIMe+I        848.262      9   1714.524     1714.916     1751.899
WARNING: Number of threads seems too high for short alignments. Use -nt AUTO to determine best number of threads.
120  TIMe+G4       848.267      9   1714.534     1714.926     1751.909
WARNING: Number of threads seems too high for short alignments. Use -nt AUTO to determine best number of threads.
131  TPM3u+F       843.511      10  1707.022     1707.502     1748.550
WARNING: Number of threads seems too high for short alignments. Use -nt AUTO to determine best number of threads.
132  TPM3u+F+I     842.196      11  1706.392     1706.968     1752.072
WARNING: Number of threads seems too high for short alignments. Use -nt AUTO to determine best number of threads.
133  TPM3u+F+G4    842.197      11  1706.395     1706.971     1752.075
WARNING: Number of threads seems too high for short alignments. Use -nt AUTO to determine best number of threads.
144  TPM3+F        843.511      10  1707.022     1707.502     1748.550
WARNING: Number of threads seems too high for short alignments. Use -nt AUTO to determine best number of threads.
145  TPM3+F+I      842.196      11  1706.392     1706.968     1752.072
WARNING: Number of threads seems too high for short alignments. Use -nt AUTO to determine best number of threads.
146  TPM3+F+G4     842.197      11  1706.395     1706.971     1752.075
WARNING: Number of threads seems too high for short alignments. Use -nt AUTO to determine best number of threads.
157  TPM2u+F       840.628      10  1701.256     1701.735     1742.783
WARNING: Number of threads seems too high for short alignments. Use -nt AUTO to determine best number of threads.
158  TPM2u+F+I     839.309      11  1700.618     1701.195     1746.298
WARNING: Number of threads seems too high for short alignments. Use -nt AUTO to determine best number of threads.
159  TPM2u+F+G4    839.311      11  1700.622     1701.199     1746.302
WARNING: Number of threads seems too high for short alignments. Use -nt AUTO to determine best number of threads.
170  TPM2+F        840.628      10  1701.256     1701.735     1742.783
WARNING: Number of threads seems too high for short alignments. Use -nt AUTO to determine best number of threads.
171  TPM2+F+I      839.309      11  1700.618     1701.195     1746.298
WARNING: Number of threads seems too high for short alignments. Use -nt AUTO to determine best number of threads.
172  TPM2+F+G4     839.311      11  1700.622     1701.199     1746.302
WARNING: Number of threads seems too high for short alignments. Use -nt AUTO to determine best number of threads.
183  K3Pu+F        843.601      10  1707.203     1707.682     1748.730
WARNING: Number of threads seems too high for short alignments. Use -nt AUTO to determine best number of threads.
184  K3Pu+F+I      842.281      11  1706.562     1707.139     1752.243
WARNING: Number of threads seems too high for short alignments. Use -nt AUTO to determine best number of threads.
185  K3Pu+F+G4     842.280      11  1706.560     1707.136     1752.240
WARNING: Number of threads seems too high for short alignments. Use -nt AUTO to determine best number of threads.
196  K3P           849.681      7   1713.362     1713.605     1742.432
WARNING: Number of threads seems too high for short alignments. Use -nt AUTO to determine best number of threads.
197  K3P+I         848.323      8   1712.646     1712.958     1745.867
WARNING: Number of threads seems too high for short alignments. Use -nt AUTO to determine best number of threads.
198  K3P+G4        848.318      8   1712.637     1712.949     1745.859
WARNING: Number of threads seems too high for short alignments. Use -nt AUTO to determine best number of threads.
209  TN+F          843.491      10  1706.982     1707.461     1748.509
WARNING: Number of threads seems too high for short alignments. Use -nt AUTO to determine best number of threads.
210  TN+F+I        842.250      11  1706.499     1707.075     1752.179
WARNING: Number of threads seems too high for short alignments. Use -nt AUTO to determine best number of threads.
211  TN+F+G4       842.255      11  1706.511     1707.087     1752.191
WARNING: Number of threads seems too high for short alignments. Use -nt AUTO to determine best number of threads.
222  TNe           849.521      7   1713.041     1713.284     1742.111
WARNING: Number of threads seems too high for short alignments. Use -nt AUTO to determine best number of threads.
223  TNe+I         848.263      8   1712.527     1712.839     1745.748
WARNING: Number of threads seems too high for short alignments. Use -nt AUTO to determine best number of threads.
224  TNe+G4        848.268      8   1712.536     1712.849     1745.758
WARNING: Number of threads seems too high for short alignments. Use -nt AUTO to determine best number of threads.
235  HKY+F         843.601      9   1705.203     1705.594     1742.577
WARNING: Number of threads seems too high for short alignments. Use -nt AUTO to determine best number of threads.
236  HKY+F+I       842.282      10  1704.563     1705.042     1746.090
WARNING: Number of threads seems too high for short alignments. Use -nt AUTO to determine best number of threads.
237  HKY+F+G4      842.280      10  1704.560     1705.039     1746.087
WARNING: Number of threads seems too high for short alignments. Use -nt AUTO to determine best number of threads.
248  K2P           849.682      6   1711.364     1711.545     1736.280
WARNING: Number of threads seems too high for short alignments. Use -nt AUTO to determine best number of threads.
249  K2P+I         848.323      7   1710.647     1710.889     1739.716
WARNING: Number of threads seems too high for short alignments. Use -nt AUTO to determine best number of threads.
250  K2P+G4        848.319      7   1710.638     1710.880     1739.707
WARNING: Number of threads seems too high for short alignments. Use -nt AUTO to determine best number of threads.
261  F81+F         850.389      8   1716.777     1717.089     1749.999
WARNING: Number of threads seems too high for short alignments. Use -nt AUTO to determine best number of threads.
262  F81+F+I       849.443      9   1716.887     1717.278     1754.261
WARNING: Number of threads seems too high for short alignments. Use -nt AUTO to determine best number of threads.
263  F81+F+G4      849.452      9   1716.905     1717.296     1754.279
WARNING: Number of threads seems too high for short alignments. Use -nt AUTO to determine best number of threads.
274  JC            856.270      5   1722.540     1722.669     1743.303
WARNING: Number of threads seems too high for short alignments. Use -nt AUTO to determine best number of threads.
275  JC+I          855.322      6   1722.644     1722.825     1747.560
WARNING: Number of threads seems too high for short alignments. Use -nt AUTO to determine best number of threads.
276  JC+G4         855.330      6   1722.660     1722.841     1747.576
Akaike Information Criterion:           TPM2u+F+I
Corrected Akaike Information Criterion: TPM2u+F+I
Bayesian Information Criterion:         K2P
Best-fit model: K2P chosen according to BIC

All model information printed to C_ree_7038/C_ree_7038_Cluster_FinalconsensusSsC0.997dCh_renamed.fa.MAFFT.model.gz
CPU time for ModelFinder: 0.079 seconds (0h:0m:0s)
Wall-clock time for ModelFinder: 0.044 seconds (0h:0m:0s)
Generating 1000 samples for ultrafast bootstrap (seed: 332747)...

NOTE: 0 MB RAM (0 GB) is required!
WARNING: Number of threads seems too high for short alignments. Use -nt AUTO to determine best number of threads.
Estimate model parameters (epsilon = 0.100)
1. Initial log-likelihood: -849.682
Optimal log-likelihood: -849.682
Rate parameters:  A-C: 1.00000  A-G: 3.65496  A-T: 1.00000  C-G: 1.00000  C-T: 3.65496  G-T: 1.00000
Base frequencies:  A: 0.250  C: 0.250  G: 0.250  T: 0.250
Parameters optimization took 1 rounds (0.000 sec)
Computing ML distances based on estimated model parameters... 0.000 sec
Computing BIONJ tree...
0.000 seconds
Log-likelihood of BIONJ tree: -849.682
--------------------------------------------------------------------
|             INITIALIZING CANDIDATE TREE SET                      |
--------------------------------------------------------------------
Generating 99 parsimony trees... 0.006 second
Computing log-likelihood of 2 initial trees ... 0.000 seconds
Current best score: -849.682

Do NNI search on 3 best initial trees
Finish initializing candidate tree set (3)
Current best tree score: -849.682 / CPU time: 0.009
Number of iterations: 3
--------------------------------------------------------------------
|               OPTIMIZING CANDIDATE TREE SET                      |
--------------------------------------------------------------------
Iteration 10 / LogL: -849.682 / Time: 0h:0m:0s
Iteration 20 / LogL: -849.691 / Time: 0h:0m:0s
Iteration 30 / LogL: -849.694 / Time: 0h:0m:0s (0h:0m:0s left)
Iteration 40 / LogL: -849.690 / Time: 0h:0m:0s (0h:0m:0s left)
Iteration 50 / LogL: -849.690 / Time: 0h:0m:0s (0h:0m:0s left)
Log-likelihood cutoff on original alignment: -851.692
Iteration 60 / LogL: -849.682 / Time: 0h:0m:0s (0h:0m:0s left)
Iteration 70 / LogL: -849.684 / Time: 0h:0m:0s (0h:0m:0s left)
Iteration 80 / LogL: -849.682 / Time: 0h:0m:0s (0h:0m:0s left)
Iteration 90 / LogL: -849.690 / Time: 0h:0m:0s (0h:0m:0s left)
Iteration 100 / LogL: -849.684 / Time: 0h:0m:0s (0h:0m:0s left)
Log-likelihood cutoff on original alignment: -851.692
NOTE: Bootstrap correlation coefficient of split occurrence frequencies: 1.000
TREE SEARCH COMPLETED AFTER 101 ITERATIONS / Time: 0h:0m:0s

--------------------------------------------------------------------
|                    FINALIZING TREE SEARCH                        |
--------------------------------------------------------------------
Performs final model parameters optimization
Estimate model parameters (epsilon = 0.010)
1. Initial log-likelihood: -849.682
Optimal log-likelihood: -849.682
Rate parameters:  A-C: 1.00000  A-G: 3.65761  A-T: 1.00000  C-G: 1.00000  C-T: 3.65761  G-T: 1.00000
Base frequencies:  A: 0.250  C: 0.250  G: 0.250  T: 0.250
Parameters optimization took 1 rounds (0.000 sec)
BEST SCORE FOUND : -849.682
Creating bootstrap support values...
Split supports printed to NEXUS file C_ree_7038/C_ree_7038_Cluster_FinalconsensusSsC0.997dCh_renamed.fa.MAFFT.splits.nex
Total tree length: 0.077

Total number of iterations: 101
CPU time used for tree search: 0.390 sec (0h:0m:0s)
Wall-clock time used for tree search: 0.199 sec (0h:0m:0s)
Total CPU time used: 0.423 sec (0h:0m:0s)
Total wall-clock time used: 0.217 sec (0h:0m:0s)

Computing bootstrap consensus tree...
Reading input file C_ree_7038/C_ree_7038_Cluster_FinalconsensusSsC0.997dCh_renamed.fa.MAFFT.splits.nex...
4 taxa and 5 splits.
Consensus tree written to C_ree_7038/C_ree_7038_Cluster_FinalconsensusSsC0.997dCh_renamed.fa.MAFFT.contree
Reading input trees file C_ree_7038/C_ree_7038_Cluster_FinalconsensusSsC0.997dCh_renamed.fa.MAFFT.contree
Log-likelihood of consensus tree: -849.682

Analysis results written to: 
  IQ-TREE report:                C_ree_7038/C_ree_7038_Cluster_FinalconsensusSsC0.997dCh_renamed.fa.MAFFT.iqtree
  Maximum-likelihood tree:       C_ree_7038/C_ree_7038_Cluster_FinalconsensusSsC0.997dCh_renamed.fa.MAFFT.treefile
  Likelihood distances:          C_ree_7038/C_ree_7038_Cluster_FinalconsensusSsC0.997dCh_renamed.fa.MAFFT.mldist

Ultrafast bootstrap approximation results written to:
  Split support values:          C_ree_7038/C_ree_7038_Cluster_FinalconsensusSsC0.997dCh_renamed.fa.MAFFT.splits.nex
  Consensus tree:                C_ree_7038/C_ree_7038_Cluster_FinalconsensusSsC0.997dCh_renamed.fa.MAFFT.contree
  Screen log file:               C_ree_7038/C_ree_7038_Cluster_FinalconsensusSsC0.997dCh_renamed.fa.MAFFT.log

Date and Time: Fri Jan 22 17:40:08 2021
