IQ-TREE multicore version 2.0.3 for Mac OS X 64-bit built Apr 26 2020
Developed by Bui Quang Minh, Nguyen Lam Tung, Olga Chernomor,
Heiko Schmidt, Dominik Schrempf, Michael Woodhams.

Host:    Peters-iMac.local (AVX2, FMA3, 128 GB RAM)
Command: iqtree -s C_mou_8734/C_mou_8734_Cluster_FinalconsensusSsC0.997dCh_renamed.fa.MAFFT -m MFP -nt 2 -B 1000
Seed:    399254 (Using SPRNG - Scalable Parallel Random Number Generator)
Time:    Fri Jan 22 17:40:07 2021
Kernel:  AVX+FMA - 2 threads (16 CPU cores detected)

Reading alignment file C_mou_8734/C_mou_8734_Cluster_FinalconsensusSsC0.997dCh_renamed.fa.MAFFT ... Fasta format detected
Alignment most likely contains DNA/RNA sequences
Alignment has 4 sequences with 462 columns, 39 distinct patterns
3 parsimony-informative, 30 singleton sites, 429 constant sites
WARNING: Some sequence names are changed as follows:
C_mou_8734_Cluster16;size=8 -> C_mou_8734_Cluster16_size_8
C_mou_8734_Cluster9;size=8 -> C_mou_8734_Cluster9_size_8
C_mou_8734_Cluster6;size=7 -> C_mou_8734_Cluster6_size_7
C_mou_8734_Cluster14;size=5 -> C_mou_8734_Cluster14_size_5

                             Gap/Ambiguity  Composition  p-value
   1  C_mou_8734_Cluster16_size_8    2.81%    passed     99.87%
   2  C_mou_8734_Cluster9_size_8     1.30%    passed     99.90%
   3  C_mou_8734_Cluster6_size_7     0.65%    passed     99.32%
   4  C_mou_8734_Cluster14_size_5    2.16%    passed     97.18%
****  TOTAL                          1.73%  0 sequences failed composition chi2 test (p-value<5%; df=3)


Create initial parsimony tree by phylogenetic likelihood library (PLL)... 0.000 seconds
WARNING: Number of threads seems too high for short alignments. Use -nt AUTO to determine best number of threads.
Perform fast likelihood tree search using GTR+I+G model...
Estimate model parameters (epsilon = 5.000)
Perform nearest neighbor interchange...
Estimate model parameters (epsilon = 1.000)
1. Initial log-likelihood: -833.898
Optimal log-likelihood: -833.898
Rate parameters:  A-C: 4.12162  A-G: 5.97043  A-T: 2.49006  C-G: 2.39455  C-T: 13.30288  G-T: 1.00000
Base frequencies:  A: 0.236  C: 0.204  G: 0.238  T: 0.322
Proportion of invariable sites: 0.463
Gamma shape alpha: 1.520
Parameters optimization took 1 rounds (0.000 sec)
Time for fast ML tree search: 0.002 seconds

NOTE: ModelFinder requires 0 MB RAM!
ModelFinder will test up to 286 DNA models (sample size: 462) ...
 No. Model         -LnL         df  AIC          AICc         BIC
WARNING: Number of threads seems too high for short alignments. Use -nt AUTO to determine best number of threads.
  1  GTR+F         834.717      13  1695.434     1696.247     1749.196
WARNING: Number of threads seems too high for short alignments. Use -nt AUTO to determine best number of threads.
  2  GTR+F+I       833.882      14  1695.764     1696.704     1753.662
WARNING: Number of threads seems too high for short alignments. Use -nt AUTO to determine best number of threads.
  3  GTR+F+G4      833.894      14  1695.788     1696.727     1753.685
WARNING: Number of threads seems too high for short alignments. Use -nt AUTO to determine best number of threads.
  4  GTR+F+I+G4    833.898      15  1697.795     1698.872     1759.829
WARNING: Number of threads seems too high for short alignments. Use -nt AUTO to determine best number of threads.
  5  GTR+F+R2      834.229      15  1698.457     1699.534     1760.491
WARNING: Number of threads seems too high for short alignments. Use -nt AUTO to determine best number of threads.
  6  GTR+F+R3      834.114      17  1702.229     1703.607     1772.533
WARNING: Number of threads seems too high for short alignments. Use -nt AUTO to determine best number of threads.
 14  SYM           842.600      10  1705.200     1705.687     1746.555
WARNING: Number of threads seems too high for short alignments. Use -nt AUTO to determine best number of threads.
 15  SYM+I         841.802      11  1705.604     1706.191     1751.095
WARNING: Number of threads seems too high for short alignments. Use -nt AUTO to determine best number of threads.
 16  SYM+G4        841.821      11  1705.642     1706.229     1751.133
WARNING: Number of threads seems too high for short alignments. Use -nt AUTO to determine best number of threads.
 27  TVM+F         835.976      12  1695.952     1696.647     1745.579
WARNING: Number of threads seems too high for short alignments. Use -nt AUTO to determine best number of threads.
 28  TVM+F+I       835.324      13  1696.648     1697.460     1750.410
WARNING: Number of threads seems too high for short alignments. Use -nt AUTO to determine best number of threads.
 29  TVM+F+G4      835.322      13  1696.645     1697.457     1750.407
WARNING: Number of threads seems too high for short alignments. Use -nt AUTO to determine best number of threads.
 40  TVMe          844.067      9   1706.134     1706.532     1743.354
WARNING: Number of threads seems too high for short alignments. Use -nt AUTO to determine best number of threads.
 41  TVMe+I        843.422      10  1706.845     1707.333     1748.201
WARNING: Number of threads seems too high for short alignments. Use -nt AUTO to determine best number of threads.
 42  TVMe+G4       843.424      10  1706.848     1707.336     1748.204
WARNING: Number of threads seems too high for short alignments. Use -nt AUTO to determine best number of threads.
 53  TIM3+F        835.416      11  1692.832     1693.419     1738.323
WARNING: Number of threads seems too high for short alignments. Use -nt AUTO to determine best number of threads.
 54  TIM3+F+I      834.523      12  1693.045     1693.740     1742.672
WARNING: Number of threads seems too high for short alignments. Use -nt AUTO to determine best number of threads.
 55  TIM3+F+G4     834.539      12  1693.079     1693.774     1742.706
WARNING: Number of threads seems too high for short alignments. Use -nt AUTO to determine best number of threads.
 66  TIM3e         843.292      8   1702.584     1702.901     1735.668
WARNING: Number of threads seems too high for short alignments. Use -nt AUTO to determine best number of threads.
 67  TIM3e+I       842.432      9   1702.863     1703.262     1740.083
WARNING: Number of threads seems too high for short alignments. Use -nt AUTO to determine best number of threads.
 68  TIM3e+G4      842.457      9   1702.913     1703.311     1740.133
WARNING: Number of threads seems too high for short alignments. Use -nt AUTO to determine best number of threads.
 79  TIM2+F        835.135      11  1692.269     1692.856     1737.760
WARNING: Number of threads seems too high for short alignments. Use -nt AUTO to determine best number of threads.
 80  TIM2+F+I      834.335      12  1692.670     1693.365     1742.297
WARNING: Number of threads seems too high for short alignments. Use -nt AUTO to determine best number of threads.
 81  TIM2+F+G4     834.353      12  1692.707     1693.401     1742.333
WARNING: Number of threads seems too high for short alignments. Use -nt AUTO to determine best number of threads.
 92  TIM2e         842.747      8   1701.494     1701.812     1734.578
WARNING: Number of threads seems too high for short alignments. Use -nt AUTO to determine best number of threads.
 93  TIM2e+I       841.938      9   1701.877     1702.275     1739.097
WARNING: Number of threads seems too high for short alignments. Use -nt AUTO to determine best number of threads.
 94  TIM2e+G4      841.961      9   1701.922     1702.320     1739.142
WARNING: Number of threads seems too high for short alignments. Use -nt AUTO to determine best number of threads.
105  TIM+F         835.821      11  1693.641     1694.228     1739.132
WARNING: Number of threads seems too high for short alignments. Use -nt AUTO to determine best number of threads.
106  TIM+F+I       834.961      12  1693.923     1694.618     1743.549
WARNING: Number of threads seems too high for short alignments. Use -nt AUTO to determine best number of threads.
107  TIM+F+G4      834.982      12  1693.965     1694.659     1743.591
WARNING: Number of threads seems too high for short alignments. Use -nt AUTO to determine best number of threads.
118  TIMe          843.422      8   1702.845     1703.163     1735.929
WARNING: Number of threads seems too high for short alignments. Use -nt AUTO to determine best number of threads.
119  TIMe+I        842.556      9   1703.112     1703.510     1740.332
WARNING: Number of threads seems too high for short alignments. Use -nt AUTO to determine best number of threads.
120  TIMe+G4       842.578      9   1703.156     1703.554     1740.376
WARNING: Number of threads seems too high for short alignments. Use -nt AUTO to determine best number of threads.
131  TPM3u+F       836.684      10  1693.368     1693.856     1734.723
WARNING: Number of threads seems too high for short alignments. Use -nt AUTO to determine best number of threads.
132  TPM3u+F+I     835.979      11  1693.958     1694.545     1739.449
WARNING: Number of threads seems too high for short alignments. Use -nt AUTO to determine best number of threads.
133  TPM3u+F+G4    835.984      11  1693.969     1694.555     1739.460
WARNING: Number of threads seems too high for short alignments. Use -nt AUTO to determine best number of threads.
144  TPM3+F        836.684      10  1693.368     1693.856     1734.723
WARNING: Number of threads seems too high for short alignments. Use -nt AUTO to determine best number of threads.
145  TPM3+F+I      835.979      11  1693.958     1694.545     1739.449
WARNING: Number of threads seems too high for short alignments. Use -nt AUTO to determine best number of threads.
146  TPM3+F+G4     835.984      11  1693.969     1694.555     1739.460
WARNING: Number of threads seems too high for short alignments. Use -nt AUTO to determine best number of threads.
157  TPM2u+F       836.406      10  1692.812     1693.299     1734.167
WARNING: Number of threads seems too high for short alignments. Use -nt AUTO to determine best number of threads.
158  TPM2u+F+I     835.764      11  1693.527     1694.114     1739.018
WARNING: Number of threads seems too high for short alignments. Use -nt AUTO to determine best number of threads.
159  TPM2u+F+G4    835.767      11  1693.534     1694.120     1739.025
WARNING: Number of threads seems too high for short alignments. Use -nt AUTO to determine best number of threads.
170  TPM2+F        836.406      10  1692.811     1693.299     1734.167
WARNING: Number of threads seems too high for short alignments. Use -nt AUTO to determine best number of threads.
171  TPM2+F+I      835.764      11  1693.527     1694.114     1739.018
WARNING: Number of threads seems too high for short alignments. Use -nt AUTO to determine best number of threads.
172  TPM2+F+G4     835.767      11  1693.534     1694.120     1739.025
WARNING: Number of threads seems too high for short alignments. Use -nt AUTO to determine best number of threads.
183  K3Pu+F        837.091      10  1694.182     1694.670     1735.538
WARNING: Number of threads seems too high for short alignments. Use -nt AUTO to determine best number of threads.
184  K3Pu+F+I      836.401      11  1694.802     1695.389     1740.293
WARNING: Number of threads seems too high for short alignments. Use -nt AUTO to determine best number of threads.
185  K3Pu+F+G4     836.410      11  1694.820     1695.406     1740.311
WARNING: Number of threads seems too high for short alignments. Use -nt AUTO to determine best number of threads.
196  K3P           844.888      7   1703.777     1704.024     1732.726
WARNING: Number of threads seems too high for short alignments. Use -nt AUTO to determine best number of threads.
197  K3P+I         844.194      8   1704.388     1704.706     1737.472
WARNING: Number of threads seems too high for short alignments. Use -nt AUTO to determine best number of threads.
198  K3P+G4        844.204      8   1704.408     1704.726     1737.492
WARNING: Number of threads seems too high for short alignments. Use -nt AUTO to determine best number of threads.
209  TN+F          835.826      10  1691.651     1692.139     1733.007
WARNING: Number of threads seems too high for short alignments. Use -nt AUTO to determine best number of threads.
210  TN+F+I        834.963      11  1691.925     1692.512     1737.416
WARNING: Number of threads seems too high for short alignments. Use -nt AUTO to determine best number of threads.
211  TN+F+G4       834.983      11  1691.966     1692.553     1737.457
WARNING: Number of threads seems too high for short alignments. Use -nt AUTO to determine best number of threads.
222  TNe           843.427      7   1700.853     1701.100     1729.802
WARNING: Number of threads seems too high for short alignments. Use -nt AUTO to determine best number of threads.
223  TNe+I         842.557      8   1701.114     1701.432     1734.199
WARNING: Number of threads seems too high for short alignments. Use -nt AUTO to determine best number of threads.
224  TNe+G4        842.582      8   1701.164     1701.481     1734.248
WARNING: Number of threads seems too high for short alignments. Use -nt AUTO to determine best number of threads.
235  HKY+F         837.096      9   1692.192     1692.590     1729.412
WARNING: Number of threads seems too high for short alignments. Use -nt AUTO to determine best number of threads.
236  HKY+F+I       836.405      10  1692.811     1693.298     1734.166
WARNING: Number of threads seems too high for short alignments. Use -nt AUTO to determine best number of threads.
237  HKY+F+G4      836.413      10  1692.825     1693.313     1734.181
WARNING: Number of threads seems too high for short alignments. Use -nt AUTO to determine best number of threads.
248  K2P           844.893      6   1701.786     1701.970     1726.599
WARNING: Number of threads seems too high for short alignments. Use -nt AUTO to determine best number of threads.
249  K2P+I         844.197      7   1702.394     1702.641     1731.343
WARNING: Number of threads seems too high for short alignments. Use -nt AUTO to determine best number of threads.
250  K2P+G4        844.208      7   1702.415     1702.662     1731.364
WARNING: Number of threads seems too high for short alignments. Use -nt AUTO to determine best number of threads.
261  F81+F         844.899      8   1705.799     1706.117     1738.883
WARNING: Number of threads seems too high for short alignments. Use -nt AUTO to determine best number of threads.
262  F81+F+I       844.284      9   1706.568     1706.966     1743.788
WARNING: Number of threads seems too high for short alignments. Use -nt AUTO to determine best number of threads.
263  F81+F+G4      844.291      9   1706.581     1706.979     1743.801
WARNING: Number of threads seems too high for short alignments. Use -nt AUTO to determine best number of threads.
274  JC            852.423      5   1714.847     1714.978     1735.524
WARNING: Number of threads seems too high for short alignments. Use -nt AUTO to determine best number of threads.
275  JC+I          851.801      6   1715.603     1715.787     1740.416
WARNING: Number of threads seems too high for short alignments. Use -nt AUTO to determine best number of threads.
276  JC+G4         851.810      6   1715.620     1715.805     1740.434
Akaike Information Criterion:           TN+F
Corrected Akaike Information Criterion: TN+F
Bayesian Information Criterion:         K2P
Best-fit model: K2P chosen according to BIC

All model information printed to C_mou_8734/C_mou_8734_Cluster_FinalconsensusSsC0.997dCh_renamed.fa.MAFFT.model.gz
CPU time for ModelFinder: 0.070 seconds (0h:0m:0s)
Wall-clock time for ModelFinder: 0.039 seconds (0h:0m:0s)
Generating 1000 samples for ultrafast bootstrap (seed: 399254)...

NOTE: 0 MB RAM (0 GB) is required!
WARNING: Number of threads seems too high for short alignments. Use -nt AUTO to determine best number of threads.
Estimate model parameters (epsilon = 0.100)
1. Initial log-likelihood: -844.893
Optimal log-likelihood: -844.893
Rate parameters:  A-C: 1.00000  A-G: 3.87105  A-T: 1.00000  C-G: 1.00000  C-T: 3.87105  G-T: 1.00000
Base frequencies:  A: 0.250  C: 0.250  G: 0.250  T: 0.250
Parameters optimization took 1 rounds (0.000 sec)
Computing ML distances based on estimated model parameters... 0.000 sec
Computing BIONJ tree...
0.000 seconds
Log-likelihood of BIONJ tree: -844.893
--------------------------------------------------------------------
|             INITIALIZING CANDIDATE TREE SET                      |
--------------------------------------------------------------------
Generating 99 parsimony trees... 0.006 second
Computing log-likelihood of 2 initial trees ... 0.000 seconds
Current best score: -844.893

Do NNI search on 3 best initial trees
Finish initializing candidate tree set (3)
Current best tree score: -844.893 / CPU time: 0.009
Number of iterations: 3
--------------------------------------------------------------------
|               OPTIMIZING CANDIDATE TREE SET                      |
--------------------------------------------------------------------
Iteration 10 / LogL: -844.893 / Time: 0h:0m:0s
Iteration 20 / LogL: -844.893 / Time: 0h:0m:0s
Iteration 30 / LogL: -844.893 / Time: 0h:0m:0s (0h:0m:0s left)
Iteration 40 / LogL: -845.627 / Time: 0h:0m:0s (0h:0m:0s left)
Iteration 50 / LogL: -844.893 / Time: 0h:0m:0s (0h:0m:0s left)
Log-likelihood cutoff on original alignment: -849.736
Iteration 60 / LogL: -845.627 / Time: 0h:0m:0s (0h:0m:0s left)
Iteration 70 / LogL: -844.893 / Time: 0h:0m:0s (0h:0m:0s left)
Iteration 80 / LogL: -844.893 / Time: 0h:0m:0s (0h:0m:0s left)
Iteration 90 / LogL: -844.893 / Time: 0h:0m:0s (0h:0m:0s left)
Iteration 100 / LogL: -844.893 / Time: 0h:0m:0s (0h:0m:0s left)
Log-likelihood cutoff on original alignment: -848.925
NOTE: Bootstrap correlation coefficient of split occurrence frequencies: 1.000
TREE SEARCH COMPLETED AFTER 101 ITERATIONS / Time: 0h:0m:0s

--------------------------------------------------------------------
|                    FINALIZING TREE SEARCH                        |
--------------------------------------------------------------------
Performs final model parameters optimization
Estimate model parameters (epsilon = 0.010)
1. Initial log-likelihood: -844.893
Optimal log-likelihood: -844.893
Rate parameters:  A-C: 1.00000  A-G: 3.87147  A-T: 1.00000  C-G: 1.00000  C-T: 3.87147  G-T: 1.00000
Base frequencies:  A: 0.250  C: 0.250  G: 0.250  T: 0.250
Parameters optimization took 1 rounds (0.000 sec)
BEST SCORE FOUND : -844.893
Creating bootstrap support values...
Split supports printed to NEXUS file C_mou_8734/C_mou_8734_Cluster_FinalconsensusSsC0.997dCh_renamed.fa.MAFFT.splits.nex
Total tree length: 0.079

Total number of iterations: 101
CPU time used for tree search: 0.398 sec (0h:0m:0s)
Wall-clock time used for tree search: 0.203 sec (0h:0m:0s)
Total CPU time used: 0.430 sec (0h:0m:0s)
Total wall-clock time used: 0.220 sec (0h:0m:0s)

Computing bootstrap consensus tree...
Reading input file C_mou_8734/C_mou_8734_Cluster_FinalconsensusSsC0.997dCh_renamed.fa.MAFFT.splits.nex...
4 taxa and 7 splits.
Consensus tree written to C_mou_8734/C_mou_8734_Cluster_FinalconsensusSsC0.997dCh_renamed.fa.MAFFT.contree
Reading input trees file C_mou_8734/C_mou_8734_Cluster_FinalconsensusSsC0.997dCh_renamed.fa.MAFFT.contree
Log-likelihood of consensus tree: -844.893

Analysis results written to: 
  IQ-TREE report:                C_mou_8734/C_mou_8734_Cluster_FinalconsensusSsC0.997dCh_renamed.fa.MAFFT.iqtree
  Maximum-likelihood tree:       C_mou_8734/C_mou_8734_Cluster_FinalconsensusSsC0.997dCh_renamed.fa.MAFFT.treefile
  Likelihood distances:          C_mou_8734/C_mou_8734_Cluster_FinalconsensusSsC0.997dCh_renamed.fa.MAFFT.mldist

Ultrafast bootstrap approximation results written to:
  Split support values:          C_mou_8734/C_mou_8734_Cluster_FinalconsensusSsC0.997dCh_renamed.fa.MAFFT.splits.nex
  Consensus tree:                C_mou_8734/C_mou_8734_Cluster_FinalconsensusSsC0.997dCh_renamed.fa.MAFFT.contree
  Screen log file:               C_mou_8734/C_mou_8734_Cluster_FinalconsensusSsC0.997dCh_renamed.fa.MAFFT.log

Date and Time: Fri Jan 22 17:40:07 2021
