IQ-TREE multicore version 2.0.3 for Mac OS X 64-bit built Apr 26 2020
Developed by Bui Quang Minh, Nguyen Lam Tung, Olga Chernomor,
Heiko Schmidt, Dominik Schrempf, Michael Woodhams.

Host:    Peters-iMac.local (AVX2, FMA3, 128 GB RAM)
Command: iqtree -s C_ree_7038/C_ree_7038_Cluster_FinalconsensusSsC0.997dCh_renamed.fa.MAFFT -m MFP -nt 2 -B 1000
Seed:    796840 (Using SPRNG - Scalable Parallel Random Number Generator)
Time:    Fri Jan 22 17:44:04 2021
Kernel:  AVX+FMA - 2 threads (16 CPU cores detected)

Reading alignment file C_ree_7038/C_ree_7038_Cluster_FinalconsensusSsC0.997dCh_renamed.fa.MAFFT ... Fasta format detected
Alignment most likely contains DNA/RNA sequences
Alignment has 3 sequences with 604 columns, 26 distinct patterns
0 parsimony-informative, 27 singleton sites, 577 constant sites
WARNING: Some sequence names are changed as follows:
C_ree_7038_Cluster5;size=17 -> C_ree_7038_Cluster5_size_17
C_ree_7038_Cluster1;size=8 -> C_ree_7038_Cluster1_size_8
C_ree_7038_Cluster8;size=6 -> C_ree_7038_Cluster8_size_6

                             Gap/Ambiguity  Composition  p-value
   1  C_ree_7038_Cluster5_size_17    4.64%    passed     98.33%
   2  C_ree_7038_Cluster1_size_8     0.00%    passed     96.50%
   3  C_ree_7038_Cluster8_size_6    10.93%    passed     94.17%
****  TOTAL                          5.19%  0 sequences failed composition chi2 test (p-value<5%; df=3)


Create initial parsimony tree by phylogenetic likelihood library (PLL)... 0.000 seconds
WARNING: Number of threads seems too high for short alignments. Use -nt AUTO to determine best number of threads.
Perform fast likelihood tree search using GTR+I+G model...
Estimate model parameters (epsilon = 5.000)
Perform nearest neighbor interchange...
Estimate model parameters (epsilon = 1.000)
1. Initial log-likelihood: -968.853
Optimal log-likelihood: -968.853
Rate parameters:  A-C: 1.06481  A-G: 1.94178  A-T: 0.45917  C-G: 1.68861  C-T: 3.88181  G-T: 1.00000
Base frequencies:  A: 0.238  C: 0.166  G: 0.228  T: 0.367
Proportion of invariable sites: 0.477
Gamma shape alpha: 998.447
Parameters optimization took 1 rounds (0.000 sec)
Time for fast ML tree search: 0.002 seconds

NOTE: ModelFinder requires 0 MB RAM!
ModelFinder will test up to 286 DNA models (sample size: 604) ...
 No. Model         -LnL         df  AIC          AICc         BIC
WARNING: Number of threads seems too high for short alignments. Use -nt AUTO to determine best number of threads.
  1  GTR+F         968.584      11  1959.168     1959.614     2007.608
WARNING: Number of threads seems too high for short alignments. Use -nt AUTO to determine best number of threads.
  2  GTR+F+I       968.584      12  1961.168     1961.696     2014.011
WARNING: Number of threads seems too high for short alignments. Use -nt AUTO to determine best number of threads.
  3  GTR+F+G4      968.584      12  1961.169     1961.697     2014.012
WARNING: Number of threads seems too high for short alignments. Use -nt AUTO to determine best number of threads.
  4  GTR+F+I+G4    968.852      13  1963.704     1964.321     2020.951
WARNING: Number of threads seems too high for short alignments. Use -nt AUTO to determine best number of threads.
  5  GTR+F+R2      968.714      13  1963.428     1964.045     2020.674
WARNING: Number of threads seems too high for short alignments. Use -nt AUTO to determine best number of threads.
  6  GTR+F+R3      968.749      15  1967.499     1968.315     2033.552
WARNING: Number of threads seems too high for short alignments. Use -nt AUTO to determine best number of threads.
 14  SYM           996.876      8   2009.753     2009.995     2044.982
WARNING: Number of threads seems too high for short alignments. Use -nt AUTO to determine best number of threads.
 15  SYM+I         996.877      9   2011.754     2012.057     2051.386
WARNING: Number of threads seems too high for short alignments. Use -nt AUTO to determine best number of threads.
 16  SYM+G4        996.877      9   2011.754     2012.057     2051.386
WARNING: Number of threads seems too high for short alignments. Use -nt AUTO to determine best number of threads.
 27  TVM+F         969.431      10  1958.861     1959.232     2002.897
WARNING: Number of threads seems too high for short alignments. Use -nt AUTO to determine best number of threads.
 28  TVM+F+I       969.430      11  1960.861     1961.307     2009.300
WARNING: Number of threads seems too high for short alignments. Use -nt AUTO to determine best number of threads.
 29  TVM+F+G4      969.431      11  1960.861     1961.307     2009.301
WARNING: Number of threads seems too high for short alignments. Use -nt AUTO to determine best number of threads.
 40  TVMe          997.667      7   2009.333     2009.521     2040.158
WARNING: Number of threads seems too high for short alignments. Use -nt AUTO to determine best number of threads.
 41  TVMe+I        997.667      8   2011.333     2011.575     2046.562
WARNING: Number of threads seems too high for short alignments. Use -nt AUTO to determine best number of threads.
 42  TVMe+G4       997.667      8   2011.334     2011.576     2046.562
WARNING: Number of threads seems too high for short alignments. Use -nt AUTO to determine best number of threads.
 53  TIM3+F        969.109      9   1956.217     1956.521     1995.850
WARNING: Number of threads seems too high for short alignments. Use -nt AUTO to determine best number of threads.
 54  TIM3+F+I      969.109      10  1958.217     1958.588     2002.253
WARNING: Number of threads seems too high for short alignments. Use -nt AUTO to determine best number of threads.
 55  TIM3+F+G4     969.109      10  1958.218     1958.589     2002.253
WARNING: Number of threads seems too high for short alignments. Use -nt AUTO to determine best number of threads.
 66  TIM3e         997.363      6   2006.725     2006.866     2033.147
WARNING: Number of threads seems too high for short alignments. Use -nt AUTO to determine best number of threads.
 67  TIM3e+I       997.363      7   2008.726     2008.914     2039.551
WARNING: Number of threads seems too high for short alignments. Use -nt AUTO to determine best number of threads.
 68  TIM3e+G4      997.363      7   2008.726     2008.914     2039.551
WARNING: Number of threads seems too high for short alignments. Use -nt AUTO to determine best number of threads.
 79  TIM2+F        969.099      9   1956.199     1956.502     1995.831
WARNING: Number of threads seems too high for short alignments. Use -nt AUTO to determine best number of threads.
 80  TIM2+F+I      969.099      10  1958.199     1958.570     2002.235
WARNING: Number of threads seems too high for short alignments. Use -nt AUTO to determine best number of threads.
 81  TIM2+F+G4     969.100      10  1958.199     1958.570     2002.235
WARNING: Number of threads seems too high for short alignments. Use -nt AUTO to determine best number of threads.
 92  TIM2e         996.977      6   2005.954     2006.095     2032.376
WARNING: Number of threads seems too high for short alignments. Use -nt AUTO to determine best number of threads.
 93  TIM2e+I       996.977      7   2007.953     2008.141     2038.778
WARNING: Number of threads seems too high for short alignments. Use -nt AUTO to determine best number of threads.
 94  TIM2e+G4      996.977      7   2007.954     2008.142     2038.779
WARNING: Number of threads seems too high for short alignments. Use -nt AUTO to determine best number of threads.
105  TIM+F         969.537      9   1957.074     1957.377     1996.706
WARNING: Number of threads seems too high for short alignments. Use -nt AUTO to determine best number of threads.
106  TIM+F+I       969.537      10  1959.074     1959.445     2003.110
WARNING: Number of threads seems too high for short alignments. Use -nt AUTO to determine best number of threads.
107  TIM+F+G4      969.537      10  1959.074     1959.445     2003.110
WARNING: Number of threads seems too high for short alignments. Use -nt AUTO to determine best number of threads.
118  TIMe          997.386      6   2006.773     2006.914     2033.194
WARNING: Number of threads seems too high for short alignments. Use -nt AUTO to determine best number of threads.
119  TIMe+I        997.387      7   2008.775     2008.963     2039.600
WARNING: Number of threads seems too high for short alignments. Use -nt AUTO to determine best number of threads.
120  TIMe+G4       997.388      7   2008.775     2008.963     2039.600
WARNING: Number of threads seems too high for short alignments. Use -nt AUTO to determine best number of threads.
131  TPM3u+F       969.958      8   1955.916     1956.158     1991.145
WARNING: Number of threads seems too high for short alignments. Use -nt AUTO to determine best number of threads.
132  TPM3u+F+I     969.958      9   1957.915     1958.218     1997.548
WARNING: Number of threads seems too high for short alignments. Use -nt AUTO to determine best number of threads.
133  TPM3u+F+G4    969.958      9   1957.916     1958.219     1997.548
WARNING: Number of threads seems too high for short alignments. Use -nt AUTO to determine best number of threads.
144  TPM3+F        969.958      8   1955.916     1956.158     1991.144
WARNING: Number of threads seems too high for short alignments. Use -nt AUTO to determine best number of threads.
145  TPM3+F+I      969.958      9   1957.915     1958.218     1997.547
WARNING: Number of threads seems too high for short alignments. Use -nt AUTO to determine best number of threads.
146  TPM3+F+G4     969.958      9   1957.916     1958.219     1997.548
WARNING: Number of threads seems too high for short alignments. Use -nt AUTO to determine best number of threads.
157  TPM2u+F       969.946      8   1955.893     1956.135     1991.122
WARNING: Number of threads seems too high for short alignments. Use -nt AUTO to determine best number of threads.
158  TPM2u+F+I     969.947      9   1957.893     1958.196     1997.525
WARNING: Number of threads seems too high for short alignments. Use -nt AUTO to determine best number of threads.
159  TPM2u+F+G4    969.947      9   1957.893     1958.196     1997.526
WARNING: Number of threads seems too high for short alignments. Use -nt AUTO to determine best number of threads.
170  TPM2+F        969.946      8   1955.893     1956.135     1991.122
WARNING: Number of threads seems too high for short alignments. Use -nt AUTO to determine best number of threads.
171  TPM2+F+I      969.947      9   1957.893     1958.196     1997.525
WARNING: Number of threads seems too high for short alignments. Use -nt AUTO to determine best number of threads.
172  TPM2+F+G4     969.947      9   1957.893     1958.196     1997.526
WARNING: Number of threads seems too high for short alignments. Use -nt AUTO to determine best number of threads.
183  K3Pu+F        970.388      8   1956.775     1957.017     1992.004
WARNING: Number of threads seems too high for short alignments. Use -nt AUTO to determine best number of threads.
184  K3Pu+F+I      970.387      9   1958.774     1959.077     1998.406
WARNING: Number of threads seems too high for short alignments. Use -nt AUTO to determine best number of threads.
185  K3Pu+F+G4     970.387      9   1958.774     1959.077     1998.406
WARNING: Number of threads seems too high for short alignments. Use -nt AUTO to determine best number of threads.
196  K3P           998.179      5   2006.358     2006.458     2028.375
WARNING: Number of threads seems too high for short alignments. Use -nt AUTO to determine best number of threads.
197  K3P+I         998.179      6   2008.357     2008.498     2034.779
WARNING: Number of threads seems too high for short alignments. Use -nt AUTO to determine best number of threads.
198  K3P+G4        998.179      6   2008.357     2008.498     2034.779
WARNING: Number of threads seems too high for short alignments. Use -nt AUTO to determine best number of threads.
209  TN+F          969.597      8   1955.193     1955.435     1990.422
WARNING: Number of threads seems too high for short alignments. Use -nt AUTO to determine best number of threads.
210  TN+F+I        969.597      9   1957.193     1957.496     1996.825
WARNING: Number of threads seems too high for short alignments. Use -nt AUTO to determine best number of threads.
211  TN+F+G4       969.597      9   1957.194     1957.497     1996.826
WARNING: Number of threads seems too high for short alignments. Use -nt AUTO to determine best number of threads.
222  TNe           997.435      5   2004.871     2004.971     2026.889
WARNING: Number of threads seems too high for short alignments. Use -nt AUTO to determine best number of threads.
223  TNe+I         997.435      6   2006.870     2007.011     2033.292
WARNING: Number of threads seems too high for short alignments. Use -nt AUTO to determine best number of threads.
224  TNe+G4        997.436      6   2006.871     2007.012     2033.292
WARNING: Number of threads seems too high for short alignments. Use -nt AUTO to determine best number of threads.
235  HKY+F         970.447      7   1954.893     1955.081     1985.718
WARNING: Number of threads seems too high for short alignments. Use -nt AUTO to determine best number of threads.
236  HKY+F+I       970.446      8   1956.893     1957.135     1992.121
WARNING: Number of threads seems too high for short alignments. Use -nt AUTO to determine best number of threads.
237  HKY+F+G4      970.447      8   1956.893     1957.135     1992.122
WARNING: Number of threads seems too high for short alignments. Use -nt AUTO to determine best number of threads.
248  K2P           998.227      4   2004.455     2004.521     2022.069
WARNING: Number of threads seems too high for short alignments. Use -nt AUTO to determine best number of threads.
249  K2P+I         998.227      5   2006.455     2006.555     2028.472
WARNING: Number of threads seems too high for short alignments. Use -nt AUTO to determine best number of threads.
250  K2P+G4        998.228      5   2006.455     2006.555     2028.473
WARNING: Number of threads seems too high for short alignments. Use -nt AUTO to determine best number of threads.
261  F81+F         974.751      6   1961.502     1961.643     1987.923
WARNING: Number of threads seems too high for short alignments. Use -nt AUTO to determine best number of threads.
262  F81+F+I       974.751      7   1963.502     1963.690     1994.327
WARNING: Number of threads seems too high for short alignments. Use -nt AUTO to determine best number of threads.
263  F81+F+G4      974.751      7   1963.502     1963.690     1994.327
WARNING: Number of threads seems too high for short alignments. Use -nt AUTO to determine best number of threads.
274  JC            1001.984     3   2009.968     2010.008     2023.179
WARNING: Number of threads seems too high for short alignments. Use -nt AUTO to determine best number of threads.
275  JC+I          1001.984     4   2011.968     2012.035     2029.582
WARNING: Number of threads seems too high for short alignments. Use -nt AUTO to determine best number of threads.
276  JC+G4         1001.984     4   2011.968     2012.035     2029.583
Akaike Information Criterion:           HKY+F
Corrected Akaike Information Criterion: HKY+F
Bayesian Information Criterion:         HKY+F
Best-fit model: HKY+F chosen according to BIC

All model information printed to C_ree_7038/C_ree_7038_Cluster_FinalconsensusSsC0.997dCh_renamed.fa.MAFFT.model.gz
CPU time for ModelFinder: 0.056 seconds (0h:0m:0s)
Wall-clock time for ModelFinder: 0.032 seconds (0h:0m:0s)
Generating 1000 samples for ultrafast bootstrap (seed: 796840)...
ERROR: It makes no sense to perform bootstrap with less than 4 sequences.
