IQ-TREE multicore version 2.0.3 for Mac OS X 64-bit built Apr 26 2020
Developed by Bui Quang Minh, Nguyen Lam Tung, Olga Chernomor,
Heiko Schmidt, Dominik Schrempf, Michael Woodhams.

Host:    Peters-iMac.local (AVX2, FMA3, 128 GB RAM)
Command: iqtree -s C_mon_8672/C_mon_8672_Cluster_FinalconsensusSsC0.997dCh_renamed.fa.MAFFT -m MFP -nt 2 -B 1000
Seed:    739110 (Using SPRNG - Scalable Parallel Random Number Generator)
Time:    Fri Jan 22 17:43:42 2021
Kernel:  AVX+FMA - 2 threads (16 CPU cores detected)

Reading alignment file C_mon_8672/C_mon_8672_Cluster_FinalconsensusSsC0.997dCh_renamed.fa.MAFFT ... Fasta format detected
Alignment most likely contains DNA/RNA sequences
Alignment has 3 sequences with 466 columns, 26 distinct patterns
0 parsimony-informative, 31 singleton sites, 435 constant sites
WARNING: Some sequence names are changed as follows:
C_mon_8672_Cluster2;size=41 -> C_mon_8672_Cluster2_size_41
C_mon_8672_Cluster7;size=15 -> C_mon_8672_Cluster7_size_15
C_mon_8672_Cluster6;size=14 -> C_mon_8672_Cluster6_size_14

                             Gap/Ambiguity  Composition  p-value
   1  C_mon_8672_Cluster2_size_41    4.94%    passed     98.15%
   2  C_mon_8672_Cluster7_size_15    0.86%    passed    100.00%
   3  C_mon_8672_Cluster6_size_14    0.86%    passed     98.45%
****  TOTAL                          2.22%  0 sequences failed composition chi2 test (p-value<5%; df=3)

NOTE: Restoring information from model checkpoint file C_mon_8672/C_mon_8672_Cluster_FinalconsensusSsC0.997dCh_renamed.fa.MAFFT.model.gz

CHECKPOINT: Initial tree restored
WARNING: Number of threads seems too high for short alignments. Use -nt AUTO to determine best number of threads.
Perform fast likelihood tree search using GTR+I+G model...
CHECKPOINT: Tree restored, LogL: -803.088
NOTE: ModelFinder requires 0 MB RAM!
ModelFinder will test up to 286 DNA models (sample size: 466) ...
 No. Model         -LnL         df  AIC          AICc         BIC
  1  GTR+F         800.617      11  1623.234     1623.816     1668.820
  2  GTR+F+I       799.565      12  1623.131     1623.820     1672.861
  3  GTR+F+G4      799.602      12  1623.203     1623.892     1672.934
  4  GTR+F+I+G4    799.556      13  1625.112     1625.917     1678.986
  5  GTR+F+R2      800.274      13  1626.548     1627.354     1680.423
  6  GTR+F+R3      800.175      15  1630.351     1631.417     1692.513
 14  SYM           806.640      8   1629.279     1629.594     1662.433
 15  SYM+I         804.530      9   1627.060     1627.455     1664.358
 16  SYM+G4        805.533      9   1629.065     1629.460     1666.363
 27  TVM+F         801.109      10  1622.217     1622.701     1663.659
 28  TVM+F+I       800.306      11  1622.612     1623.194     1668.198
 29  TVM+F+G4      800.309      11  1622.618     1623.199     1668.204
 40  TVMe          807.250      7   1628.500     1628.744     1657.509
 41  TVMe+I        806.230      8   1628.459     1628.774     1661.613
 42  TVMe+G4       806.297      8   1628.595     1628.910     1661.748
 53  TIM3+F        802.462      9   1622.925     1623.320     1660.223
 54  TIM3+F+I      801.602      10  1623.203     1623.687     1664.645
 55  TIM3+F+G4     801.602      10  1623.204     1623.688     1664.646
 66  TIM3e         808.617      6   1629.233     1629.416     1654.098
 67  TIM3e+I       806.808      7   1627.617     1627.861     1656.626
 68  TIM3e+G4      807.623      7   1629.246     1629.491     1658.255
 79  TIM2+F        800.900      9   1619.800     1620.195     1657.098
 80  TIM2+F+I      798.854      10  1617.709     1618.192     1659.151
 81  TIM2+F+G4     799.820      10  1619.639     1620.123     1661.081
 92  TIM2e         806.757      6   1625.514     1625.697     1650.379
 93  TIM2e+I       804.550      7   1623.100     1623.345     1652.110
 94  TIM2e+G4      805.593      7   1625.186     1625.431     1654.195
105  TIM+F         802.765      9   1623.531     1623.926     1660.828
106  TIM+F+I       800.877      10  1621.754     1622.237     1663.195
107  TIM+F+G4      801.782      10  1623.565     1624.048     1665.007
118  TIMe          808.724      6   1629.447     1629.630     1654.312
119  TIMe+I        806.762      7   1627.524     1627.769     1656.534
120  TIMe+G4       807.663      7   1629.326     1629.571     1658.335
131  TPM3u+F       803.017      8   1622.035     1622.350     1655.188
132  TPM3u+F+I     802.375      9   1622.750     1623.145     1660.048
133  TPM3u+F+G4    802.381      9   1622.762     1623.157     1660.060
144  TPM3+F        803.017      8   1622.035     1622.350     1655.188
145  TPM3+F+I      802.375      9   1622.750     1623.145     1660.048
146  TPM3+F+G4     802.381      9   1622.762     1623.157     1660.060
157  TPM2u+F       801.437      8   1618.875     1619.190     1652.028
158  TPM2u+F+I     800.472      9   1618.943     1619.338     1656.241
159  TPM2u+F+G4    800.500      9   1618.999     1619.394     1656.297
170  TPM2+F        801.437      8   1618.875     1619.190     1652.028
171  TPM2+F+I      800.472      9   1618.943     1619.338     1656.241
172  TPM2+F+G4     800.500      9   1618.999     1619.394     1656.297
183  K3Pu+F        803.328      8   1622.656     1622.971     1655.810
184  K3Pu+F+I      802.616      9   1623.232     1623.627     1660.530
185  K3Pu+F+G4     802.597      9   1623.194     1623.589     1660.491
196  K3P           809.366      5   1628.733     1628.863     1649.453
197  K3P+I         808.560      6   1629.120     1629.303     1653.985
198  K3P+G4        808.562      6   1629.124     1629.307     1653.989
209  TN+F          802.769      8   1621.537     1621.852     1654.691
210  TN+F+I        801.000      9   1620.001     1620.396     1657.299
211  TN+F+G4       801.787      9   1621.574     1621.969     1658.872
222  TNe           808.725      5   1627.451     1627.581     1648.171
223  TNe+I         806.805      6   1625.609     1625.792     1650.474
224  TNe+G4        807.665      6   1627.330     1627.513     1652.195
235  HKY+F         803.332      7   1620.663     1620.908     1649.673
236  HKY+F+I       802.615      8   1621.230     1621.545     1654.383
237  HKY+F+G4      802.597      8   1621.194     1621.509     1654.347
248  K2P           809.370      4   1626.739     1626.826     1643.316
249  K2P+I         808.560      5   1627.120     1627.251     1647.841
250  K2P+G4        808.562      5   1627.125     1627.255     1647.846
261  F81+F         811.567      6   1635.134     1635.317     1659.999
262  F81+F+I       810.982      7   1635.964     1636.209     1664.973
263  F81+F+G4      810.982      7   1635.965     1636.209     1664.974
274  JC            817.352      3   1640.703     1640.755     1653.136
275  JC+I          816.758      4   1641.517     1641.604     1658.094
276  JC+G4         816.759      4   1641.517     1641.604     1658.094
Akaike Information Criterion:           TIM2+F+I
Corrected Akaike Information Criterion: TIM2+F+I
Bayesian Information Criterion:         K2P
Best-fit model: K2P chosen according to BIC

All model information printed to C_mon_8672/C_mon_8672_Cluster_FinalconsensusSsC0.997dCh_renamed.fa.MAFFT.model.gz
CPU time for ModelFinder: 0.010 seconds (0h:0m:0s)
Wall-clock time for ModelFinder: 0.008 seconds (0h:0m:0s)
Generating 1000 samples for ultrafast bootstrap (seed: 739110)...
ERROR: It makes no sense to perform bootstrap with less than 4 sequences.
