IQ-TREE multicore version 2.0.3 for Mac OS X 64-bit built Apr 26 2020
Developed by Bui Quang Minh, Nguyen Lam Tung, Olga Chernomor,
Heiko Schmidt, Dominik Schrempf, Michael Woodhams.

Host:    Peters-iMac.local (AVX2, FMA3, 128 GB RAM)
Command: iqtree -s C_tenu_7648/C_tenu_7648_Cluster_FinalconsensusSsC0.997dCh_renamed.fa.MAFFT -m MFP -nt 2 -B 1000
Seed:    944758 (Using SPRNG - Scalable Parallel Random Number Generator)
Time:    Fri Jan 22 17:40:08 2021
Kernel:  AVX+FMA - 2 threads (16 CPU cores detected)

Reading alignment file C_tenu_7648/C_tenu_7648_Cluster_FinalconsensusSsC0.997dCh_renamed.fa.MAFFT ... Fasta format detected
Alignment most likely contains DNA/RNA sequences
Alignment has 5 sequences with 476 columns, 43 distinct patterns
16 parsimony-informative, 19 singleton sites, 441 constant sites
WARNING: Some sequence names are changed as follows:
C_tenu_7648_Cluster31;size=23 -> C_tenu_7648_Cluster31_size_23
C_tenu_7648_Cluster9;size=23 -> C_tenu_7648_Cluster9_size_23
C_tenu_7648_Cluster16;size=22 -> C_tenu_7648_Cluster16_size_22
C_tenu_7648_Cluster27;size=18 -> C_tenu_7648_Cluster27_size_18
C_tenu_7648_Cluster7;size=5 -> C_tenu_7648_Cluster7_size_5

                               Gap/Ambiguity  Composition  p-value
   1  C_tenu_7648_Cluster31_size_23    6.93%    passed     99.38%
   2  C_tenu_7648_Cluster9_size_23     2.94%    passed     99.88%
   3  C_tenu_7648_Cluster16_size_22    2.94%    passed     96.34%
   4  C_tenu_7648_Cluster27_size_18    4.20%    passed     83.72%
   5  C_tenu_7648_Cluster7_size_5      2.31%    passed     96.77%
****  TOTAL                            3.87%  0 sequences failed composition chi2 test (p-value<5%; df=3)


Create initial parsimony tree by phylogenetic likelihood library (PLL)... 0.000 seconds
WARNING: Number of threads seems too high for short alignments. Use -nt AUTO to determine best number of threads.
Perform fast likelihood tree search using GTR+I+G model...
Estimate model parameters (epsilon = 5.000)
Perform nearest neighbor interchange...
Estimate model parameters (epsilon = 1.000)
1. Initial log-likelihood: -859.739
Optimal log-likelihood: -859.739
Rate parameters:  A-C: 2.78072  A-G: 6.60578  A-T: 1.77376  C-G: 0.60342  C-T: 8.24550  G-T: 1.00000
Base frequencies:  A: 0.246  C: 0.205  G: 0.233  T: 0.316
Proportion of invariable sites: 0.463
Gamma shape alpha: 2.905
Parameters optimization took 1 rounds (0.000 sec)
Time for fast ML tree search: 0.003 seconds

NOTE: ModelFinder requires 0 MB RAM!
ModelFinder will test up to 286 DNA models (sample size: 476) ...
 No. Model         -LnL         df  AIC          AICc         BIC
WARNING: Number of threads seems too high for short alignments. Use -nt AUTO to determine best number of threads.
  1  GTR+F         860.352      15  1750.703     1751.747     1813.184
WARNING: Number of threads seems too high for short alignments. Use -nt AUTO to determine best number of threads.
  2  GTR+F+I       859.731      16  1751.461     1752.646     1818.108
WARNING: Number of threads seems too high for short alignments. Use -nt AUTO to determine best number of threads.
  3  GTR+F+G4      859.739      16  1751.478     1752.663     1818.125
WARNING: Number of threads seems too high for short alignments. Use -nt AUTO to determine best number of threads.
  4  GTR+F+I+G4    859.737      17  1753.474     1754.810     1824.286
WARNING: Number of threads seems too high for short alignments. Use -nt AUTO to determine best number of threads.
  5  GTR+F+R2      859.951      17  1753.903     1755.239     1824.715
WARNING: Number of threads seems too high for short alignments. Use -nt AUTO to determine best number of threads.
  6  GTR+F+R3      859.861      19  1757.722     1759.388     1836.865
WARNING: Number of threads seems too high for short alignments. Use -nt AUTO to determine best number of threads.
 14  SYM           867.317      12  1758.633     1759.307     1808.618
WARNING: Number of threads seems too high for short alignments. Use -nt AUTO to determine best number of threads.
 15  SYM+I         866.638      13  1759.275     1760.063     1813.425
WARNING: Number of threads seems too high for short alignments. Use -nt AUTO to determine best number of threads.
 16  SYM+G4        866.653      13  1759.306     1760.093     1813.456
WARNING: Number of threads seems too high for short alignments. Use -nt AUTO to determine best number of threads.
 27  TVM+F         860.481      14  1748.962     1749.873     1807.278
WARNING: Number of threads seems too high for short alignments. Use -nt AUTO to determine best number of threads.
 28  TVM+F+I       859.865      15  1749.730     1750.774     1812.211
WARNING: Number of threads seems too high for short alignments. Use -nt AUTO to determine best number of threads.
 29  TVM+F+G4      859.866      15  1749.732     1750.776     1812.213
WARNING: Number of threads seems too high for short alignments. Use -nt AUTO to determine best number of threads.
 40  TVMe          867.491      11  1756.982     1757.551     1802.802
WARNING: Number of threads seems too high for short alignments. Use -nt AUTO to determine best number of threads.
 41  TVMe+I        866.820      12  1757.639     1758.313     1807.624
WARNING: Number of threads seems too high for short alignments. Use -nt AUTO to determine best number of threads.
 42  TVMe+G4       866.829      12  1757.658     1758.332     1807.643
WARNING: Number of threads seems too high for short alignments. Use -nt AUTO to determine best number of threads.
 53  TIM3+F        861.555      13  1749.111     1749.899     1803.261
WARNING: Number of threads seems too high for short alignments. Use -nt AUTO to determine best number of threads.
 54  TIM3+F+I      860.966      14  1749.931     1750.842     1808.247
WARNING: Number of threads seems too high for short alignments. Use -nt AUTO to determine best number of threads.
 55  TIM3+F+G4     860.977      14  1749.954     1750.865     1808.270
WARNING: Number of threads seems too high for short alignments. Use -nt AUTO to determine best number of threads.
 66  TIM3e         868.581      10  1757.162     1757.635     1798.816
WARNING: Number of threads seems too high for short alignments. Use -nt AUTO to determine best number of threads.
 67  TIM3e+I       867.936      11  1757.871     1758.440     1803.691
WARNING: Number of threads seems too high for short alignments. Use -nt AUTO to determine best number of threads.
 68  TIM3e+G4      867.953      11  1757.907     1758.476     1803.726
WARNING: Number of threads seems too high for short alignments. Use -nt AUTO to determine best number of threads.
 79  TIM2+F        860.565      13  1747.130     1747.918     1801.281
WARNING: Number of threads seems too high for short alignments. Use -nt AUTO to determine best number of threads.
 80  TIM2+F+I      859.947      14  1747.895     1748.806     1806.211
WARNING: Number of threads seems too high for short alignments. Use -nt AUTO to determine best number of threads.
 81  TIM2+F+G4     859.957      14  1747.915     1748.826     1806.231
WARNING: Number of threads seems too high for short alignments. Use -nt AUTO to determine best number of threads.
 92  TIM2e         867.455      10  1754.910     1755.383     1796.564
WARNING: Number of threads seems too high for short alignments. Use -nt AUTO to determine best number of threads.
 93  TIM2e+I       866.801      11  1755.602     1756.171     1801.422
WARNING: Number of threads seems too high for short alignments. Use -nt AUTO to determine best number of threads.
 94  TIM2e+G4      866.817      11  1755.634     1756.203     1801.454
WARNING: Number of threads seems too high for short alignments. Use -nt AUTO to determine best number of threads.
105  TIM+F         861.580      13  1749.159     1749.947     1803.310
WARNING: Number of threads seems too high for short alignments. Use -nt AUTO to determine best number of threads.
106  TIM+F+I       860.973      14  1749.947     1750.858     1808.263
WARNING: Number of threads seems too high for short alignments. Use -nt AUTO to determine best number of threads.
107  TIM+F+G4      860.986      14  1749.972     1750.883     1808.288
WARNING: Number of threads seems too high for short alignments. Use -nt AUTO to determine best number of threads.
118  TIMe          868.533      10  1757.067     1757.540     1798.721
WARNING: Number of threads seems too high for short alignments. Use -nt AUTO to determine best number of threads.
119  TIMe+I        867.881      11  1757.761     1758.330     1803.581
WARNING: Number of threads seems too high for short alignments. Use -nt AUTO to determine best number of threads.
120  TIMe+G4       867.900      11  1757.800     1758.369     1803.620
WARNING: Number of threads seems too high for short alignments. Use -nt AUTO to determine best number of threads.
131  TPM3u+F       861.684      12  1747.369     1748.043     1797.354
WARNING: Number of threads seems too high for short alignments. Use -nt AUTO to determine best number of threads.
132  TPM3u+F+I     861.103      13  1748.206     1748.994     1802.356
WARNING: Number of threads seems too high for short alignments. Use -nt AUTO to determine best number of threads.
133  TPM3u+F+G4    861.110      13  1748.219     1749.007     1802.370
WARNING: Number of threads seems too high for short alignments. Use -nt AUTO to determine best number of threads.
144  TPM3+F        861.684      12  1747.369     1748.043     1797.354
WARNING: Number of threads seems too high for short alignments. Use -nt AUTO to determine best number of threads.
145  TPM3+F+I      861.103      13  1748.206     1748.994     1802.356
WARNING: Number of threads seems too high for short alignments. Use -nt AUTO to determine best number of threads.
146  TPM3+F+G4     861.110      13  1748.219     1749.007     1802.370
WARNING: Number of threads seems too high for short alignments. Use -nt AUTO to determine best number of threads.
157  TPM2u+F       860.694      12  1745.388     1746.062     1795.373
WARNING: Number of threads seems too high for short alignments. Use -nt AUTO to determine best number of threads.
158  TPM2u+F+I     860.086      13  1746.172     1746.960     1800.322
WARNING: Number of threads seems too high for short alignments. Use -nt AUTO to determine best number of threads.
159  TPM2u+F+G4    860.088      13  1746.176     1746.964     1800.327
WARNING: Number of threads seems too high for short alignments. Use -nt AUTO to determine best number of threads.
170  TPM2+F        860.694      12  1745.388     1746.062     1795.373
WARNING: Number of threads seems too high for short alignments. Use -nt AUTO to determine best number of threads.
171  TPM2+F+I      860.085      13  1746.169     1746.957     1800.320
WARNING: Number of threads seems too high for short alignments. Use -nt AUTO to determine best number of threads.
172  TPM2+F+G4     860.089      13  1746.179     1746.966     1800.329
WARNING: Number of threads seems too high for short alignments. Use -nt AUTO to determine best number of threads.
183  K3Pu+F        861.709      12  1747.419     1748.092     1797.404
WARNING: Number of threads seems too high for short alignments. Use -nt AUTO to determine best number of threads.
184  K3Pu+F+I      861.110      13  1748.220     1749.008     1802.370
WARNING: Number of threads seems too high for short alignments. Use -nt AUTO to determine best number of threads.
185  K3Pu+F+G4     861.118      13  1748.237     1749.025     1802.387
WARNING: Number of threads seems too high for short alignments. Use -nt AUTO to determine best number of threads.
196  K3P           868.709      9   1755.418     1755.805     1792.907
WARNING: Number of threads seems too high for short alignments. Use -nt AUTO to determine best number of threads.
197  K3P+I         868.068      10  1756.136     1756.609     1797.790
WARNING: Number of threads seems too high for short alignments. Use -nt AUTO to determine best number of threads.
198  K3P+G4        868.081      10  1756.162     1756.635     1797.816
WARNING: Number of threads seems too high for short alignments. Use -nt AUTO to determine best number of threads.
209  TN+F          861.631      12  1747.263     1747.937     1797.248
WARNING: Number of threads seems too high for short alignments. Use -nt AUTO to determine best number of threads.
210  TN+F+I        861.025      13  1748.049     1748.837     1802.200
WARNING: Number of threads seems too high for short alignments. Use -nt AUTO to determine best number of threads.
211  TN+F+G4       861.038      13  1748.075     1748.863     1802.226
WARNING: Number of threads seems too high for short alignments. Use -nt AUTO to determine best number of threads.
222  TNe           868.582      9   1755.164     1755.551     1792.653
WARNING: Number of threads seems too high for short alignments. Use -nt AUTO to determine best number of threads.
223  TNe+I         867.936      10  1755.873     1756.346     1797.527
WARNING: Number of threads seems too high for short alignments. Use -nt AUTO to determine best number of threads.
224  TNe+G4        867.954      10  1755.907     1756.380     1797.561
WARNING: Number of threads seems too high for short alignments. Use -nt AUTO to determine best number of threads.
235  HKY+F         861.761      11  1745.521     1746.090     1791.341
WARNING: Number of threads seems too high for short alignments. Use -nt AUTO to determine best number of threads.
236  HKY+F+I       861.163      12  1746.326     1747.000     1796.311
WARNING: Number of threads seems too high for short alignments. Use -nt AUTO to determine best number of threads.
237  HKY+F+G4      861.171      12  1746.342     1747.016     1796.327
WARNING: Number of threads seems too high for short alignments. Use -nt AUTO to determine best number of threads.
248  K2P           868.758      8   1753.517     1753.825     1786.840
WARNING: Number of threads seems too high for short alignments. Use -nt AUTO to determine best number of threads.
249  K2P+I         868.122      9   1754.244     1754.630     1791.733
WARNING: Number of threads seems too high for short alignments. Use -nt AUTO to determine best number of threads.
250  K2P+G4        868.135      9   1754.269     1754.655     1791.758
WARNING: Number of threads seems too high for short alignments. Use -nt AUTO to determine best number of threads.
261  F81+F         872.490      10  1764.980     1765.453     1806.634
WARNING: Number of threads seems too high for short alignments. Use -nt AUTO to determine best number of threads.
262  F81+F+I       871.726      11  1765.452     1766.021     1811.272
WARNING: Number of threads seems too high for short alignments. Use -nt AUTO to determine best number of threads.
263  F81+F+G4      871.730      11  1765.461     1766.030     1811.280
WARNING: Number of threads seems too high for short alignments. Use -nt AUTO to determine best number of threads.
274  JC            879.177      7   1772.354     1772.593     1801.511
WARNING: Number of threads seems too high for short alignments. Use -nt AUTO to determine best number of threads.
275  JC+I          878.387      8   1772.773     1773.082     1806.097
WARNING: Number of threads seems too high for short alignments. Use -nt AUTO to determine best number of threads.
276  JC+G4         878.396      8   1772.791     1773.100     1806.115
Akaike Information Criterion:           TPM2+F
Corrected Akaike Information Criterion: TPM2+F
Bayesian Information Criterion:         K2P
Best-fit model: K2P chosen according to BIC

All model information printed to C_tenu_7648/C_tenu_7648_Cluster_FinalconsensusSsC0.997dCh_renamed.fa.MAFFT.model.gz
CPU time for ModelFinder: 0.077 seconds (0h:0m:0s)
Wall-clock time for ModelFinder: 0.043 seconds (0h:0m:0s)
Generating 1000 samples for ultrafast bootstrap (seed: 944758)...

NOTE: 0 MB RAM (0 GB) is required!
WARNING: Number of threads seems too high for short alignments. Use -nt AUTO to determine best number of threads.
Estimate model parameters (epsilon = 0.100)
1. Initial log-likelihood: -868.758
Optimal log-likelihood: -868.758
Rate parameters:  A-C: 1.00000  A-G: 4.78662  A-T: 1.00000  C-G: 1.00000  C-T: 4.78662  G-T: 1.00000
Base frequencies:  A: 0.250  C: 0.250  G: 0.250  T: 0.250
Parameters optimization took 1 rounds (0.000 sec)
Computing ML distances based on estimated model parameters... 0.000 sec
Computing BIONJ tree...
0.000 seconds
Log-likelihood of BIONJ tree: -868.759
--------------------------------------------------------------------
|             INITIALIZING CANDIDATE TREE SET                      |
--------------------------------------------------------------------
Generating 99 parsimony trees... 0.009 second
Computing log-likelihood of 4 initial trees ... 0.000 seconds
Current best score: -868.758

Do NNI search on 5 best initial trees
Finish initializing candidate tree set (5)
Current best tree score: -868.758 / CPU time: 0.013
Number of iterations: 5
--------------------------------------------------------------------
|               OPTIMIZING CANDIDATE TREE SET                      |
--------------------------------------------------------------------
Iteration 10 / LogL: -868.759 / Time: 0h:0m:0s
UPDATE BEST LOG-LIKELIHOOD: -868.758
UPDATE BEST LOG-LIKELIHOOD: -868.758
UPDATE BEST LOG-LIKELIHOOD: -868.758
Iteration 20 / LogL: -868.758 / Time: 0h:0m:0s
Iteration 30 / LogL: -868.758 / Time: 0h:0m:0s (0h:0m:0s left)
Iteration 40 / LogL: -868.759 / Time: 0h:0m:0s (0h:0m:0s left)
Iteration 50 / LogL: -868.774 / Time: 0h:0m:0s (0h:0m:0s left)
Log-likelihood cutoff on original alignment: -876.512
Iteration 60 / LogL: -868.774 / Time: 0h:0m:0s (0h:0m:0s left)
Iteration 70 / LogL: -868.758 / Time: 0h:0m:0s (0h:0m:0s left)
Iteration 80 / LogL: -868.758 / Time: 0h:0m:0s (0h:0m:0s left)
Iteration 90 / LogL: -868.774 / Time: 0h:0m:0s (0h:0m:0s left)
Iteration 100 / LogL: -868.758 / Time: 0h:0m:0s (0h:0m:0s left)
Log-likelihood cutoff on original alignment: -876.514
NOTE: Bootstrap correlation coefficient of split occurrence frequencies: 1.000
TREE SEARCH COMPLETED AFTER 101 ITERATIONS / Time: 0h:0m:0s

--------------------------------------------------------------------
|                    FINALIZING TREE SEARCH                        |
--------------------------------------------------------------------
Performs final model parameters optimization
Estimate model parameters (epsilon = 0.010)
1. Initial log-likelihood: -868.758
Optimal log-likelihood: -868.758
Rate parameters:  A-C: 1.00000  A-G: 4.78724  A-T: 1.00000  C-G: 1.00000  C-T: 4.78724  G-T: 1.00000
Base frequencies:  A: 0.250  C: 0.250  G: 0.250  T: 0.250
Parameters optimization took 1 rounds (0.000 sec)
BEST SCORE FOUND : -868.758
Creating bootstrap support values...
Split supports printed to NEXUS file C_tenu_7648/C_tenu_7648_Cluster_FinalconsensusSsC0.997dCh_renamed.fa.MAFFT.splits.nex
Total tree length: 0.084

Total number of iterations: 101
CPU time used for tree search: 0.450 sec (0h:0m:0s)
Wall-clock time used for tree search: 0.231 sec (0h:0m:0s)
Total CPU time used: 0.490 sec (0h:0m:0s)
Total wall-clock time used: 0.252 sec (0h:0m:0s)

Computing bootstrap consensus tree...
Reading input file C_tenu_7648/C_tenu_7648_Cluster_FinalconsensusSsC0.997dCh_renamed.fa.MAFFT.splits.nex...
5 taxa and 9 splits.
Consensus tree written to C_tenu_7648/C_tenu_7648_Cluster_FinalconsensusSsC0.997dCh_renamed.fa.MAFFT.contree
Reading input trees file C_tenu_7648/C_tenu_7648_Cluster_FinalconsensusSsC0.997dCh_renamed.fa.MAFFT.contree
Log-likelihood of consensus tree: -868.759

Analysis results written to: 
  IQ-TREE report:                C_tenu_7648/C_tenu_7648_Cluster_FinalconsensusSsC0.997dCh_renamed.fa.MAFFT.iqtree
  Maximum-likelihood tree:       C_tenu_7648/C_tenu_7648_Cluster_FinalconsensusSsC0.997dCh_renamed.fa.MAFFT.treefile
  Likelihood distances:          C_tenu_7648/C_tenu_7648_Cluster_FinalconsensusSsC0.997dCh_renamed.fa.MAFFT.mldist

Ultrafast bootstrap approximation results written to:
  Split support values:          C_tenu_7648/C_tenu_7648_Cluster_FinalconsensusSsC0.997dCh_renamed.fa.MAFFT.splits.nex
  Consensus tree:                C_tenu_7648/C_tenu_7648_Cluster_FinalconsensusSsC0.997dCh_renamed.fa.MAFFT.contree
  Screen log file:               C_tenu_7648/C_tenu_7648_Cluster_FinalconsensusSsC0.997dCh_renamed.fa.MAFFT.log

Date and Time: Fri Jan 22 17:40:09 2021
